{"/home/travis/build/npmtest/node-npmtest-braintree/test.js":{"path":"/home/travis/build/npmtest/node-npmtest-braintree/test.js","s":{"1":2,"2":2,"3":2,"4":2,"5":2,"6":2,"7":2,"8":1,"9":2,"10":2,"11":1,"12":1,"13":1,"14":1,"15":2,"16":2,"17":2,"18":2,"19":1,"20":1,"21":2,"22":2,"23":2,"24":1,"25":1,"26":1,"27":1,"28":1,"29":1,"30":1,"31":1,"32":1,"33":1,"34":1,"35":1,"36":1,"37":1,"38":1,"39":2,"40":2,"41":1,"42":2,"43":2,"44":1,"45":2,"46":2,"47":1,"48":2,"49":2,"50":1,"51":1,"52":1,"53":1,"54":1},"b":{"1":[2,1,1,1],"2":[1,1,1,1],"3":[1,1],"4":[1,1],"5":[1,1],"6":[1,1],"7":[1,1],"8":[1,1],"9":[1,1],"10":[1,1,1],"11":[1,1],"12":[1,1],"13":[1,1],"14":[1,1],"15":[1,1],"16":[1,1],"17":[1,1]},"f":{"1":2,"2":2,"3":2,"4":2,"5":2,"6":1,"7":1,"8":1,"9":2,"10":2,"11":2,"12":2,"13":1},"fnMap":{"1":{"name":"(anonymous_1)","line":12,"loc":{"start":{"line":12,"column":1},"end":{"line":12,"column":13}}},"2":{"name":"(anonymous_2)","line":19,"loc":{"start":{"line":19,"column":5},"end":{"line":19,"column":17}}},"3":{"name":"(anonymous_3)","line":23,"loc":{"start":{"line":23,"column":24},"end":{"line":23,"column":36}}},"4":{"name":"(anonymous_4)","line":61,"loc":{"start":{"line":61,"column":5},"end":{"line":61,"column":17}}},"5":{"name":"(anonymous_5)","line":82,"loc":{"start":{"line":82,"column":5},"end":{"line":82,"column":17}}},"6":{"name":"(anonymous_6)","line":91,"loc":{"start":{"line":91,"column":77},"end":{"line":94,"column":10}}},"7":{"name":"(anonymous_7)","line":112,"loc":{"start":{"line":112,"column":83},"end":{"line":115,"column":10}},"skip":true},"8":{"name":"(anonymous_8)","line":123,"loc":{"start":{"line":123,"column":77},"end":{"line":126,"column":10}},"skip":true},"9":{"name":"(anonymous_9)","line":139,"loc":{"start":{"line":139,"column":12},"end":{"line":139,"column":40}},"skip":true},"10":{"name":"(anonymous_10)","line":147,"loc":{"start":{"line":147,"column":77},"end":{"line":150,"column":10}},"skip":true},"11":{"name":"(anonymous_11)","line":158,"loc":{"start":{"line":158,"column":83},"end":{"line":161,"column":10}},"skip":true},"12":{"name":"(anonymous_12)","line":169,"loc":{"start":{"line":169,"column":79},"end":{"line":172,"column":10}},"skip":true},"13":{"name":"(anonymous_13)","line":180,"loc":{"start":{"line":180,"column":75},"end":{"line":183,"column":10}},"skip":true}},"statementMap":{"1":{"start":{"line":12,"column":0},"end":{"line":195,"column":5}},"2":{"start":{"line":14,"column":4},"end":{"line":14,"column":14}},"3":{"start":{"line":19,"column":4},"end":{"line":56,"column":9}},"4":{"start":{"line":21,"column":8},"end":{"line":21,"column":19}},"5":{"start":{"line":23,"column":8},"end":{"line":35,"column":13}},"6":{"start":{"line":24,"column":12},"end":{"line":34,"column":13}},"7":{"start":{"line":25,"column":16},"end":{"line":28,"column":30}},"8":{"start":{"line":30,"column":16},"end":{"line":33,"column":27}},"9":{"start":{"line":37,"column":8},"end":{"line":39,"column":21}},"10":{"start":{"line":40,"column":8},"end":{"line":53,"column":9}},"11":{"start":{"line":43,"column":12},"end":{"line":46,"column":14}},"12":{"start":{"line":47,"column":12},"end":{"line":47,"column":18}},"13":{"start":{"line":50,"column":12},"end":{"line":51,"column":46}},"14":{"start":{"line":52,"column":12},"end":{"line":52,"column":18}},"15":{"start":{"line":55,"column":8},"end":{"line":55,"column":35}},"16":{"start":{"line":61,"column":4},"end":{"line":63,"column":9}},"17":{"start":{"line":62,"column":8},"end":{"line":62,"column":15}},"18":{"start":{"line":64,"column":4},"end":{"line":77,"column":5}},"19":{"start":{"line":70,"column":8},"end":{"line":70,"column":14}},"20":{"start":{"line":76,"column":8},"end":{"line":76,"column":14}},"21":{"start":{"line":82,"column":4},"end":{"line":84,"column":9}},"22":{"start":{"line":83,"column":8},"end":{"line":83,"column":15}},"23":{"start":{"line":85,"column":4},"end":{"line":194,"column":5}},"24":{"start":{"line":91,"column":8},"end":{"line":99,"column":10}},"25":{"start":{"line":98,"column":12},"end":{"line":98,"column":35}},"26":{"start":{"line":102,"column":8},"end":{"line":104,"column":63}},"27":{"start":{"line":105,"column":8},"end":{"line":105,"column":14}},"28":{"start":{"line":112,"column":8},"end":{"line":121,"column":10},"skip":true},"29":{"start":{"line":119,"column":12},"end":{"line":119,"column":55},"skip":true},"30":{"start":{"line":120,"column":12},"end":{"line":120,"column":48},"skip":true},"31":{"start":{"line":123,"column":8},"end":{"line":136,"column":10},"skip":true},"32":{"start":{"line":130,"column":12},"end":{"line":130,"column":76},"skip":true},"33":{"start":{"line":131,"column":12},"end":{"line":131,"column":73},"skip":true},"34":{"start":{"line":132,"column":12},"end":{"line":132,"column":74},"skip":true},"35":{"start":{"line":133,"column":12},"end":{"line":133,"column":79},"skip":true},"36":{"start":{"line":134,"column":12},"end":{"line":134,"column":25},"skip":true},"37":{"start":{"line":135,"column":12},"end":{"line":135,"column":45},"skip":true},"38":{"start":{"line":138,"column":8},"end":{"line":145,"column":14},"skip":true},"39":{"start":{"line":143,"column":16},"end":{"line":143,"column":29},"skip":true},"40":{"start":{"line":144,"column":16},"end":{"line":144,"column":55},"skip":true},"41":{"start":{"line":147,"column":8},"end":{"line":156,"column":10},"skip":true},"42":{"start":{"line":154,"column":12},"end":{"line":154,"column":25},"skip":true},"43":{"start":{"line":155,"column":12},"end":{"line":155,"column":45},"skip":true},"44":{"start":{"line":158,"column":8},"end":{"line":167,"column":10},"skip":true},"45":{"start":{"line":165,"column":12},"end":{"line":165,"column":25},"skip":true},"46":{"start":{"line":166,"column":12},"end":{"line":166,"column":48},"skip":true},"47":{"start":{"line":169,"column":8},"end":{"line":178,"column":10},"skip":true},"48":{"start":{"line":176,"column":12},"end":{"line":176,"column":25},"skip":true},"49":{"start":{"line":177,"column":12},"end":{"line":177,"column":46},"skip":true},"50":{"start":{"line":180,"column":8},"end":{"line":189,"column":10},"skip":true},"51":{"start":{"line":187,"column":12},"end":{"line":187,"column":94},"skip":true},"52":{"start":{"line":188,"column":12},"end":{"line":188,"column":48},"skip":true},"53":{"start":{"line":192,"column":8},"end":{"line":192,"column":35},"skip":true},"54":{"start":{"line":193,"column":8},"end":{"line":193,"column":14},"skip":true}},"branchMap":{"1":{"line":25,"type":"binary-expr","locations":[{"start":{"line":25,"column":23},"end":{"line":25,"column":62}},{"start":{"line":26,"column":20},"end":{"line":26,"column":70}},{"start":{"line":27,"column":20},"end":{"line":27,"column":71}},{"start":{"line":28,"column":20},"end":{"line":28,"column":29}}]},"2":{"line":30,"type":"binary-expr","locations":[{"start":{"line":30,"column":23},"end":{"line":30,"column":37}},{"start":{"line":31,"column":20},"end":{"line":31,"column":61}},{"start":{"line":32,"column":20},"end":{"line":32,"column":70}},{"start":{"line":33,"column":20},"end":{"line":33,"column":26}}]},"3":{"line":37,"type":"cond-expr","locations":[{"start":{"line":38,"column":14},"end":{"line":38,"column":20}},{"start":{"line":39,"column":14},"end":{"line":39,"column":20}}]},"4":{"line":40,"type":"switch","locations":[{"start":{"line":42,"column":8},"end":{"line":47,"column":18}},{"start":{"line":49,"column":8},"end":{"line":52,"column":18}}]},"5":{"line":44,"type":"binary-expr","locations":[{"start":{"line":44,"column":16},"end":{"line":44,"column":44}},{"start":{"line":44,"column":48},"end":{"line":44,"column":66}}]},"6":{"line":50,"type":"binary-expr","locations":[{"start":{"line":50,"column":21},"end":{"line":50,"column":49}},{"start":{"line":50,"column":53},"end":{"line":50,"column":72}}]},"7":{"line":64,"type":"switch","locations":[{"start":{"line":69,"column":4},"end":{"line":70,"column":14}},{"start":{"line":75,"column":4},"end":{"line":76,"column":14}}]},"8":{"line":85,"type":"switch","locations":[{"start":{"line":90,"column":4},"end":{"line":105,"column":14}},{"start":{"line":111,"column":4},"end":{"line":193,"column":14},"skip":true}]},"9":{"line":91,"type":"binary-expr","locations":[{"start":{"line":91,"column":42},"end":{"line":91,"column":73}},{"start":{"line":91,"column":77},"end":{"line":99,"column":9}}]},"10":{"line":102,"type":"binary-expr","locations":[{"start":{"line":102,"column":18},"end":{"line":102,"column":32}},{"start":{"line":103,"column":12},"end":{"line":103,"column":53}},{"start":{"line":104,"column":12},"end":{"line":104,"column":61}}]},"11":{"line":112,"type":"binary-expr","locations":[{"start":{"line":112,"column":45},"end":{"line":112,"column":79},"skip":true},{"start":{"line":112,"column":83},"end":{"line":121,"column":9},"skip":true}]},"12":{"line":123,"type":"binary-expr","locations":[{"start":{"line":123,"column":42},"end":{"line":123,"column":73},"skip":true},{"start":{"line":123,"column":77},"end":{"line":136,"column":9},"skip":true}]},"13":{"line":138,"type":"binary-expr","locations":[{"start":{"line":138,"column":48},"end":{"line":138,"column":85},"skip":true},{"start":{"line":139,"column":12},"end":{"line":145,"column":13},"skip":true}]},"14":{"line":147,"type":"binary-expr","locations":[{"start":{"line":147,"column":42},"end":{"line":147,"column":73},"skip":true},{"start":{"line":147,"column":77},"end":{"line":156,"column":9},"skip":true}]},"15":{"line":158,"type":"binary-expr","locations":[{"start":{"line":158,"column":45},"end":{"line":158,"column":79},"skip":true},{"start":{"line":158,"column":83},"end":{"line":167,"column":9},"skip":true}]},"16":{"line":169,"type":"binary-expr","locations":[{"start":{"line":169,"column":43},"end":{"line":169,"column":75},"skip":true},{"start":{"line":169,"column":79},"end":{"line":178,"column":9},"skip":true}]},"17":{"line":180,"type":"binary-expr","locations":[{"start":{"line":180,"column":41},"end":{"line":180,"column":71},"skip":true},{"start":{"line":180,"column":75},"end":{"line":189,"column":9},"skip":true}]}},"code":["/* istanbul instrument in package npmtest_braintree */","/*jslint","    bitwise: true,","    browser: true,","    maxerr: 8,","    maxlen: 96,","    node: true,","    nomen: true,","    regexp: true,","    stupid: true","*/","(function () {","    'use strict';","    var local;","","","","    // run shared js-env code - pre-init","    (function () {","        // init local","        local = {};","        // init modeJs","        local.modeJs = (function () {","            try {","                return typeof navigator.userAgent === 'string' &&","                    typeof document.querySelector('body') === 'object' &&","                    typeof XMLHttpRequest.prototype.open === 'function' &&","                    'browser';","            } catch (errorCaughtBrowser) {","                return module.exports &&","                    typeof process.versions.node === 'string' &&","                    typeof require('http').createServer === 'function' &&","                    'node';","            }","        }());","        // init global","        local.global = local.modeJs === 'browser'","            ? window","            : global;","        switch (local.modeJs) {","        // re-init local from window.local","        case 'browser':","            local = local.global.utility2.objectSetDefault(","                local.global.utility2_rollup || local.global.local,","                local.global.utility2","            );","            break;","        // re-init local from example.js","        case 'node':","            local = (local.global.utility2_rollup || require('utility2'))","                .requireExampleJsFromReadme();","            break;","        }","        // export local","        local.global.local = local;","    }());","","","","    // run shared js-env code - function","    (function () {","        return;","    }());","    switch (local.modeJs) {","","","","    // run browser js-env code - function","    case 'browser':","        break;","","","","    // run node js-env code - function","    case 'node':","        break;","    }","","","","    // run shared js-env code - post-init","    (function () {","        return;","    }());","    switch (local.modeJs) {","","","","    // run browser js-env code - post-init","    case 'browser':","        local.testCase_browser_nullCase = local.testCase_browser_nullCase || function (","            options,","            onError","        ) {","        /*","         * this function will test browsers's null-case handling-behavior-behavior","         */","            onError(null, options);","        };","","        // run tests","        local.nop(local.modeTest &&","            document.querySelector('#testRunButton1') &&","            document.querySelector('#testRunButton1').click());","        break;","","","","    // run node js-env code - post-init","    /* istanbul ignore next */","    case 'node':","        local.testCase_buildApidoc_default = local.testCase_buildApidoc_default || function (","            options,","            onError","        ) {","        /*","         * this function will test buildApidoc's default handling-behavior-behavior","         */","            options = { modulePathList: module.paths };","            local.buildApidoc(options, onError);","        };","","        local.testCase_buildApp_default = local.testCase_buildApp_default || function (","            options,","            onError","        ) {","        /*","         * this function will test buildApp's default handling-behavior-behavior","         */","            local.testCase_buildReadme_default(options, local.onErrorThrow);","            local.testCase_buildLib_default(options, local.onErrorThrow);","            local.testCase_buildTest_default(options, local.onErrorThrow);","            local.testCase_buildCustomOrg_default(options, local.onErrorThrow);","            options = [];","            local.buildApp(options, onError);","        };","","        local.testCase_buildCustomOrg_default = local.testCase_buildCustomOrg_default ||","            function (options, onError) {","            /*","             * this function will test buildCustomOrg's default handling-behavior","             */","                options = {};","                local.buildCustomOrg(options, onError);","            };","","        local.testCase_buildLib_default = local.testCase_buildLib_default || function (","            options,","            onError","        ) {","        /*","         * this function will test buildLib's default handling-behavior","         */","            options = {};","            local.buildLib(options, onError);","        };","","        local.testCase_buildReadme_default = local.testCase_buildReadme_default || function (","            options,","            onError","        ) {","        /*","         * this function will test buildReadme's default handling-behavior-behavior","         */","            options = {};","            local.buildReadme(options, onError);","        };","","        local.testCase_buildTest_default = local.testCase_buildTest_default || function (","            options,","            onError","        ) {","        /*","         * this function will test buildTest's default handling-behavior","         */","            options = {};","            local.buildTest(options, onError);","        };","","        local.testCase_webpage_default = local.testCase_webpage_default || function (","            options,","            onError","        ) {","        /*","         * this function will test webpage's default handling-behavior","         */","            options = { modeCoverageMerge: true, url: local.serverLocalHost + '?modeTest=1' };","            local.browserTest(options, onError);","        };","","        // run test-server","        local.testRunServer(local);","        break;","    }","}());",""],"l":{"12":2,"14":2,"19":2,"21":2,"23":2,"24":2,"25":2,"30":1,"37":2,"40":2,"43":1,"47":1,"50":1,"52":1,"55":2,"61":2,"62":2,"64":2,"70":1,"76":1,"82":2,"83":2,"85":2,"91":1,"98":1,"102":1,"105":1,"112":1,"119":1,"120":1,"123":1,"130":1,"131":1,"132":1,"133":1,"134":1,"135":1,"138":1,"143":2,"144":2,"147":1,"154":2,"155":2,"158":1,"165":2,"166":2,"169":1,"176":2,"177":2,"180":1,"187":1,"188":1,"192":1,"193":1}},"/home/travis/build/npmtest/node-npmtest-braintree/lib.npmtest_braintree.js":{"path":"/home/travis/build/npmtest/node-npmtest-braintree/lib.npmtest_braintree.js","s":{"1":2,"2":2,"3":2,"4":2,"5":2,"6":2,"7":2,"8":1,"9":2,"10":2,"11":2,"12":2,"13":1,"14":1,"15":1,"16":1},"b":{"1":[2,1,1,1],"2":[1,1,1,1],"3":[1,1],"4":[2,2],"5":[1,1]},"f":{"1":2,"2":2,"3":2},"fnMap":{"1":{"name":"(anonymous_1)","line":12,"loc":{"start":{"line":12,"column":1},"end":{"line":12,"column":13}}},"2":{"name":"(anonymous_2)","line":19,"loc":{"start":{"line":19,"column":5},"end":{"line":19,"column":17}}},"3":{"name":"(anonymous_3)","line":23,"loc":{"start":{"line":23,"column":24},"end":{"line":23,"column":36}}}},"statementMap":{"1":{"start":{"line":12,"column":0},"end":{"line":53,"column":5}},"2":{"start":{"line":14,"column":4},"end":{"line":14,"column":14}},"3":{"start":{"line":19,"column":4},"end":{"line":52,"column":9}},"4":{"start":{"line":21,"column":8},"end":{"line":21,"column":19}},"5":{"start":{"line":23,"column":8},"end":{"line":35,"column":13}},"6":{"start":{"line":24,"column":12},"end":{"line":34,"column":13}},"7":{"start":{"line":25,"column":16},"end":{"line":28,"column":30}},"8":{"start":{"line":30,"column":16},"end":{"line":33,"column":27}},"9":{"start":{"line":37,"column":8},"end":{"line":39,"column":21}},"10":{"start":{"line":41,"column":8},"end":{"line":41,"column":54}},"11":{"start":{"line":43,"column":8},"end":{"line":43,"column":54}},"12":{"start":{"line":45,"column":8},"end":{"line":51,"column":9}},"13":{"start":{"line":46,"column":12},"end":{"line":46,"column":60}},"14":{"start":{"line":48,"column":12},"end":{"line":48,"column":35}},"15":{"start":{"line":49,"column":12},"end":{"line":49,"column":49}},"16":{"start":{"line":50,"column":12},"end":{"line":50,"column":43}}},"branchMap":{"1":{"line":25,"type":"binary-expr","locations":[{"start":{"line":25,"column":23},"end":{"line":25,"column":62}},{"start":{"line":26,"column":20},"end":{"line":26,"column":70}},{"start":{"line":27,"column":20},"end":{"line":27,"column":71}},{"start":{"line":28,"column":20},"end":{"line":28,"column":29}}]},"2":{"line":30,"type":"binary-expr","locations":[{"start":{"line":30,"column":23},"end":{"line":30,"column":37}},{"start":{"line":31,"column":20},"end":{"line":31,"column":61}},{"start":{"line":32,"column":20},"end":{"line":32,"column":70}},{"start":{"line":33,"column":20},"end":{"line":33,"column":26}}]},"3":{"line":37,"type":"cond-expr","locations":[{"start":{"line":38,"column":14},"end":{"line":38,"column":20}},{"start":{"line":39,"column":14},"end":{"line":39,"column":20}}]},"4":{"line":41,"type":"binary-expr","locations":[{"start":{"line":41,"column":16},"end":{"line":41,"column":44}},{"start":{"line":41,"column":48},"end":{"line":41,"column":53}}]},"5":{"line":45,"type":"if","locations":[{"start":{"line":45,"column":8},"end":{"line":45,"column":8}},{"start":{"line":45,"column":8},"end":{"line":45,"column":8}}]}},"code":["/* istanbul instrument in package npmtest_braintree */","/*jslint","    bitwise: true,","    browser: true,","    maxerr: 8,","    maxlen: 96,","    node: true,","    nomen: true,","    regexp: true,","    stupid: true","*/","(function () {","    'use strict';","    var local;","","","","    // run shared js-env code - pre-init","    (function () {","        // init local","        local = {};","        // init modeJs","        local.modeJs = (function () {","            try {","                return typeof navigator.userAgent === 'string' &&","                    typeof document.querySelector('body') === 'object' &&","                    typeof XMLHttpRequest.prototype.open === 'function' &&","                    'browser';","            } catch (errorCaughtBrowser) {","                return module.exports &&","                    typeof process.versions.node === 'string' &&","                    typeof require('http').createServer === 'function' &&","                    'node';","            }","        }());","        // init global","        local.global = local.modeJs === 'browser'","            ? window","            : global;","        // init utility2_rollup","        local = local.global.utility2_rollup || local;","        // init lib","        local.local = local.npmtest_braintree = local;","        // init exports","        if (local.modeJs === 'browser') {","            local.global.utility2_npmtest_braintree = local;","        } else {","            module.exports = local;","            module.exports.__dirname = __dirname;","            module.exports.module = module;","        }","    }());","}());",""],"l":{"12":2,"14":2,"19":2,"21":2,"23":2,"24":2,"25":2,"30":1,"37":2,"41":2,"43":2,"45":2,"46":1,"48":1,"49":1,"50":1}},"/home/travis/build/npmtest/node-npmtest-braintree/example.js":{"path":"/home/travis/build/npmtest/node-npmtest-braintree/example.js","s":{"1":2,"2":2,"3":2,"4":2,"5":2,"6":2,"7":2,"8":1,"9":2,"10":2,"11":2,"12":2,"13":1,"14":2,"15":2,"16":2,"17":2,"18":2,"19":0,"20":2,"21":1,"22":1,"23":1,"24":1,"25":1,"26":0,"27":0,"28":1,"29":1,"30":2,"31":0,"32":0,"33":0,"34":1,"35":2,"36":2,"37":3,"38":3,"39":3,"40":3,"41":0,"42":3,"43":3,"44":3,"45":1,"46":3,"47":1,"48":1,"49":1,"50":1,"51":1,"52":1,"53":1,"54":1,"55":1,"56":1,"57":0,"58":1,"59":6,"60":6,"61":1,"62":2,"63":0,"64":2,"65":1,"66":1,"67":0,"68":0,"69":0,"70":0,"71":0,"72":0,"73":0,"74":0,"75":0,"76":0,"77":0,"78":0,"79":0,"80":0,"81":0,"82":0,"83":0},"b":{"1":[2,1,1,1],"2":[1,1,1,1],"3":[1,1],"4":[2,2],"5":[1,1],"6":[1,1],"7":[2,0],"8":[2,1,1,1,1,1],"9":[0,2,0],"10":[1,1],"11":[2,1,1],"12":[1,0],"13":[0,2],"14":[2,0,0,0,0,0,0],"15":[0,3],"16":[3,0],"17":[1,1],"18":[0,1],"19":[1,2,0,2],"20":[1,0],"21":[1,1],"22":[0,0],"23":[0,0],"24":[0,0],"25":[0,0],"26":[0,0],"27":[0,0],"28":[0,0]},"f":{"1":2,"2":2,"3":2,"4":2,"5":2,"6":2,"7":3,"8":3,"9":3,"10":1,"11":6,"12":0},"fnMap":{"1":{"name":"(anonymous_1)","line":26,"loc":{"start":{"line":26,"column":1},"end":{"line":26,"column":13}}},"2":{"name":"(anonymous_2)","line":33,"loc":{"start":{"line":33,"column":5},"end":{"line":33,"column":17}}},"3":{"name":"(anonymous_3)","line":37,"loc":{"start":{"line":37,"column":24},"end":{"line":37,"column":36}}},"4":{"name":"(anonymous_4)","line":69,"loc":{"start":{"line":69,"column":31},"end":{"line":69,"column":48}},"skip":true},"5":{"name":"(anonymous_5)","line":78,"loc":{"start":{"line":78,"column":26},"end":{"line":78,"column":45}},"skip":true},"6":{"name":"(anonymous_6)","line":123,"loc":{"start":{"line":123,"column":33},"end":{"line":123,"column":48}},"skip":true},"7":{"name":"(anonymous_7)","line":125,"loc":{"start":{"line":125,"column":27},"end":{"line":125,"column":39}},"skip":true},"8":{"name":"(anonymous_8)","line":133,"loc":{"start":{"line":133,"column":59},"end":{"line":133,"column":74}},"skip":true},"9":{"name":"(anonymous_9)","line":143,"loc":{"start":{"line":143,"column":45},"end":{"line":143,"column":62}},"skip":true},"10":{"name":"(anonymous_10)","line":144,"loc":{"start":{"line":144,"column":73},"end":{"line":144,"column":92}},"skip":true},"11":{"name":"(anonymous_11)","line":272,"loc":{"start":{"line":272,"column":51},"end":{"line":272,"column":77}},"skip":true},"12":{"name":"(anonymous_12)","line":315,"loc":{"start":{"line":315,"column":32},"end":{"line":315,"column":61}},"skip":true}},"statementMap":{"1":{"start":{"line":26,"column":0},"end":{"line":326,"column":5}},"2":{"start":{"line":28,"column":4},"end":{"line":28,"column":14}},"3":{"start":{"line":33,"column":4},"end":{"line":60,"column":9}},"4":{"start":{"line":35,"column":8},"end":{"line":35,"column":19}},"5":{"start":{"line":37,"column":8},"end":{"line":49,"column":13}},"6":{"start":{"line":38,"column":12},"end":{"line":48,"column":13}},"7":{"start":{"line":39,"column":16},"end":{"line":42,"column":30}},"8":{"start":{"line":44,"column":16},"end":{"line":47,"column":27}},"9":{"start":{"line":51,"column":8},"end":{"line":53,"column":21}},"10":{"start":{"line":55,"column":8},"end":{"line":57,"column":45}},"11":{"start":{"line":59,"column":8},"end":{"line":59,"column":35}},"12":{"start":{"line":61,"column":4},"end":{"line":325,"column":5}},"13":{"start":{"line":69,"column":8},"end":{"line":121,"column":10},"skip":true},"14":{"start":{"line":70,"column":12},"end":{"line":88,"column":13},"skip":true},"15":{"start":{"line":76,"column":16},"end":{"line":87,"column":19},"skip":true},"16":{"start":{"line":79,"column":20},"end":{"line":86,"column":21},"skip":true},"17":{"start":{"line":82,"column":24},"end":{"line":82,"column":43},"skip":true},"18":{"start":{"line":83,"column":24},"end":{"line":83,"column":30},"skip":true},"19":{"start":{"line":85,"column":24},"end":{"line":85,"column":49},"skip":true},"20":{"start":{"line":89,"column":12},"end":{"line":107,"column":13},"skip":true},"21":{"start":{"line":92,"column":16},"end":{"line":102,"column":17},"skip":true},"22":{"start":{"line":93,"column":20},"end":{"line":93,"column":86},"skip":true},"23":{"start":{"line":94,"column":20},"end":{"line":95,"column":45},"skip":true},"24":{"start":{"line":96,"column":20},"end":{"line":96,"column":42},"skip":true},"25":{"start":{"line":97,"column":20},"end":{"line":97,"column":48},"skip":true},"26":{"start":{"line":100,"column":20},"end":{"line":100,"column":85},"skip":true},"27":{"start":{"line":101,"column":20},"end":{"line":101,"column":96},"skip":true},"28":{"start":{"line":103,"column":16},"end":{"line":103,"column":22},"skip":true},"29":{"start":{"line":106,"column":16},"end":{"line":106,"column":22},"skip":true},"30":{"start":{"line":108,"column":12},"end":{"line":120,"column":13},"skip":true},"31":{"start":{"line":114,"column":16},"end":{"line":119,"column":17},"skip":true},"32":{"start":{"line":116,"column":20},"end":{"line":116,"column":78},"skip":true},"33":{"start":{"line":118,"column":20},"end":{"line":118,"column":47},"skip":true},"34":{"start":{"line":123,"column":8},"end":{"line":141,"column":11},"skip":true},"35":{"start":{"line":124,"column":12},"end":{"line":124,"column":54},"skip":true},"36":{"start":{"line":125,"column":12},"end":{"line":140,"column":14},"skip":true},"37":{"start":{"line":126,"column":16},"end":{"line":126,"column":28},"skip":true},"38":{"start":{"line":127,"column":16},"end":{"line":127,"column":69},"skip":true},"39":{"start":{"line":128,"column":16},"end":{"line":128,"column":75},"skip":true},"40":{"start":{"line":129,"column":16},"end":{"line":131,"column":17},"skip":true},"41":{"start":{"line":130,"column":20},"end":{"line":130,"column":27},"skip":true},"42":{"start":{"line":133,"column":16},"end":{"line":137,"column":36},"skip":true},"43":{"start":{"line":134,"column":20},"end":{"line":136,"column":55},"skip":true},"44":{"start":{"line":139,"column":16},"end":{"line":139,"column":57},"skip":true},"45":{"start":{"line":143,"column":8},"end":{"line":147,"column":11},"skip":true},"46":{"start":{"line":144,"column":12},"end":{"line":146,"column":15},"skip":true},"47":{"start":{"line":145,"column":16},"end":{"line":145,"column":70},"skip":true},"48":{"start":{"line":149,"column":8},"end":{"line":149,"column":31},"skip":true},"49":{"start":{"line":150,"column":8},"end":{"line":150,"column":14},"skip":true},"50":{"start":{"line":158,"column":8},"end":{"line":158,"column":31},"skip":true},"51":{"start":{"line":160,"column":8},"end":{"line":160,"column":33},"skip":true},"52":{"start":{"line":161,"column":8},"end":{"line":161,"column":37},"skip":true},"53":{"start":{"line":162,"column":8},"end":{"line":162,"column":35},"skip":true},"54":{"start":{"line":164,"column":8},"end":{"line":164,"column":50},"skip":true},"55":{"start":{"line":166,"column":8},"end":{"line":256,"column":2},"skip":true},"56":{"start":{"line":258,"column":8},"end":{"line":286,"column":9},"skip":true},"57":{"start":{"line":259,"column":12},"end":{"line":269,"column":14},"skip":true},"58":{"start":{"line":271,"column":12},"end":{"line":285,"column":19},"skip":true},"59":{"start":{"line":274,"column":20},"end":{"line":274,"column":35},"skip":true},"60":{"start":{"line":275,"column":20},"end":{"line":284,"column":21},"skip":true},"61":{"start":{"line":277,"column":24},"end":{"line":277,"column":64},"skip":true},"62":{"start":{"line":279,"column":24},"end":{"line":279,"column":40},"skip":true},"63":{"start":{"line":281,"column":24},"end":{"line":281,"column":40},"skip":true},"64":{"start":{"line":283,"column":24},"end":{"line":283,"column":39},"skip":true},"65":{"start":{"line":288,"column":8},"end":{"line":290,"column":9},"skip":true},"66":{"start":{"line":289,"column":12},"end":{"line":289,"column":18},"skip":true},"67":{"start":{"line":291,"column":8},"end":{"line":293,"column":54},"skip":true},"68":{"start":{"line":296,"column":8},"end":{"line":301,"column":37},"skip":true},"69":{"start":{"line":303,"column":8},"end":{"line":303,"column":82},"skip":true},"70":{"start":{"line":306,"column":8},"end":{"line":308,"column":9},"skip":true},"71":{"start":{"line":307,"column":12},"end":{"line":307,"column":82},"skip":true},"72":{"start":{"line":310,"column":8},"end":{"line":312,"column":9},"skip":true},"73":{"start":{"line":311,"column":12},"end":{"line":311,"column":18},"skip":true},"74":{"start":{"line":313,"column":8},"end":{"line":313,"column":54},"skip":true},"75":{"start":{"line":314,"column":8},"end":{"line":314,"column":69},"skip":true},"76":{"start":{"line":315,"column":8},"end":{"line":323,"column":36},"skip":true},"77":{"start":{"line":316,"column":12},"end":{"line":316,"column":61},"skip":true},"78":{"start":{"line":317,"column":12},"end":{"line":320,"column":13},"skip":true},"79":{"start":{"line":318,"column":16},"end":{"line":318,"column":75},"skip":true},"80":{"start":{"line":319,"column":16},"end":{"line":319,"column":23},"skip":true},"81":{"start":{"line":321,"column":12},"end":{"line":321,"column":38},"skip":true},"82":{"start":{"line":322,"column":12},"end":{"line":322,"column":27},"skip":true},"83":{"start":{"line":324,"column":8},"end":{"line":324,"column":14},"skip":true}},"branchMap":{"1":{"line":39,"type":"binary-expr","locations":[{"start":{"line":39,"column":23},"end":{"line":39,"column":62}},{"start":{"line":40,"column":20},"end":{"line":40,"column":70}},{"start":{"line":41,"column":20},"end":{"line":41,"column":71}},{"start":{"line":42,"column":20},"end":{"line":42,"column":29}}]},"2":{"line":44,"type":"binary-expr","locations":[{"start":{"line":44,"column":23},"end":{"line":44,"column":37}},{"start":{"line":45,"column":20},"end":{"line":45,"column":61}},{"start":{"line":46,"column":20},"end":{"line":46,"column":70}},{"start":{"line":47,"column":20},"end":{"line":47,"column":26}}]},"3":{"line":51,"type":"cond-expr","locations":[{"start":{"line":52,"column":14},"end":{"line":52,"column":20}},{"start":{"line":53,"column":14},"end":{"line":53,"column":20}}]},"4":{"line":55,"type":"binary-expr","locations":[{"start":{"line":55,"column":16},"end":{"line":55,"column":44}},{"start":{"line":55,"column":49},"end":{"line":57,"column":43}}]},"5":{"line":55,"type":"cond-expr","locations":[{"start":{"line":56,"column":14},"end":{"line":56,"column":53}},{"start":{"line":57,"column":14},"end":{"line":57,"column":43}}]},"6":{"line":61,"type":"switch","locations":[{"start":{"line":68,"column":4},"end":{"line":150,"column":14},"skip":true},{"start":{"line":156,"column":4},"end":{"line":324,"column":14},"skip":true}]},"7":{"line":70,"type":"if","locations":[{"start":{"line":70,"column":12},"end":{"line":70,"column":12},"skip":true},{"start":{"line":70,"column":12},"end":{"line":70,"column":12},"skip":true}]},"8":{"line":70,"type":"binary-expr","locations":[{"start":{"line":70,"column":16},"end":{"line":70,"column":22},"skip":true},{"start":{"line":70,"column":27},"end":{"line":70,"column":32},"skip":true},{"start":{"line":71,"column":20},"end":{"line":71,"column":39},"skip":true},{"start":{"line":72,"column":20},"end":{"line":72,"column":49},"skip":true},{"start":{"line":73,"column":20},"end":{"line":73,"column":58},"skip":true},{"start":{"line":74,"column":20},"end":{"line":74,"column":69},"skip":true}]},"9":{"line":79,"type":"switch","locations":[{"start":{"line":80,"column":20},"end":{"line":80,"column":33},"skip":true},{"start":{"line":81,"column":20},"end":{"line":83,"column":30},"skip":true},{"start":{"line":84,"column":20},"end":{"line":85,"column":49},"skip":true}]},"10":{"line":89,"type":"switch","locations":[{"start":{"line":90,"column":12},"end":{"line":103,"column":22},"skip":true},{"start":{"line":105,"column":12},"end":{"line":106,"column":22},"skip":true}]},"11":{"line":89,"type":"binary-expr","locations":[{"start":{"line":89,"column":20},"end":{"line":89,"column":25},"skip":true},{"start":{"line":89,"column":29},"end":{"line":89,"column":48},"skip":true},{"start":{"line":89,"column":52},"end":{"line":89,"column":74},"skip":true}]},"12":{"line":92,"type":"if","locations":[{"start":{"line":92,"column":16},"end":{"line":92,"column":16},"skip":true},{"start":{"line":92,"column":16},"end":{"line":92,"column":16},"skip":true}]},"13":{"line":108,"type":"if","locations":[{"start":{"line":108,"column":12},"end":{"line":108,"column":12},"skip":true},{"start":{"line":108,"column":12},"end":{"line":108,"column":12},"skip":true}]},"14":{"line":108,"type":"binary-expr","locations":[{"start":{"line":108,"column":16},"end":{"line":108,"column":61},"skip":true},{"start":{"line":108,"column":66},"end":{"line":108,"column":72},"skip":true},{"start":{"line":108,"column":77},"end":{"line":108,"column":82},"skip":true},{"start":{"line":109,"column":20},"end":{"line":109,"column":39},"skip":true},{"start":{"line":110,"column":20},"end":{"line":110,"column":49},"skip":true},{"start":{"line":111,"column":20},"end":{"line":111,"column":58},"skip":true},{"start":{"line":112,"column":20},"end":{"line":112,"column":68},"skip":true}]},"15":{"line":129,"type":"if","locations":[{"start":{"line":129,"column":16},"end":{"line":129,"column":16},"skip":true},{"start":{"line":129,"column":16},"end":{"line":129,"column":16},"skip":true}]},"16":{"line":134,"type":"cond-expr","locations":[{"start":{"line":135,"column":26},"end":{"line":135,"column":29},"skip":true},{"start":{"line":136,"column":26},"end":{"line":136,"column":54},"skip":true}]},"17":{"line":164,"type":"binary-expr","locations":[{"start":{"line":164,"column":27},"end":{"line":164,"column":43},"skip":true},{"start":{"line":164,"column":47},"end":{"line":164,"column":49},"skip":true}]},"18":{"line":258,"type":"if","locations":[{"start":{"line":258,"column":8},"end":{"line":258,"column":8},"skip":true},{"start":{"line":258,"column":8},"end":{"line":258,"column":8},"skip":true}]},"19":{"line":275,"type":"switch","locations":[{"start":{"line":276,"column":20},"end":{"line":277,"column":64},"skip":true},{"start":{"line":278,"column":20},"end":{"line":279,"column":40},"skip":true},{"start":{"line":280,"column":20},"end":{"line":281,"column":40},"skip":true},{"start":{"line":282,"column":20},"end":{"line":283,"column":39},"skip":true}]},"20":{"line":288,"type":"if","locations":[{"start":{"line":288,"column":8},"end":{"line":288,"column":8},"skip":true},{"start":{"line":288,"column":8},"end":{"line":288,"column":8},"skip":true}]},"21":{"line":288,"type":"binary-expr","locations":[{"start":{"line":288,"column":12},"end":{"line":288,"column":40},"skip":true},{"start":{"line":288,"column":44},"end":{"line":288,"column":67},"skip":true}]},"22":{"line":292,"type":"binary-expr","locations":[{"start":{"line":292,"column":12},"end":{"line":292,"column":50},"skip":true},{"start":{"line":293,"column":12},"end":{"line":293,"column":53},"skip":true}]},"23":{"line":297,"type":"binary-expr","locations":[{"start":{"line":297,"column":12},"end":{"line":297,"column":67},"skip":true},{"start":{"line":298,"column":12},"end":{"line":301,"column":36},"skip":true}]},"24":{"line":303,"type":"binary-expr","locations":[{"start":{"line":303,"column":43},"end":{"line":303,"column":75},"skip":true},{"start":{"line":303,"column":79},"end":{"line":303,"column":81},"skip":true}]},"25":{"line":306,"type":"if","locations":[{"start":{"line":306,"column":8},"end":{"line":306,"column":8},"skip":true},{"start":{"line":306,"column":8},"end":{"line":306,"column":8},"skip":true}]},"26":{"line":310,"type":"if","locations":[{"start":{"line":310,"column":8},"end":{"line":310,"column":8},"skip":true},{"start":{"line":310,"column":8},"end":{"line":310,"column":8},"skip":true}]},"27":{"line":313,"type":"binary-expr","locations":[{"start":{"line":313,"column":27},"end":{"line":313,"column":43},"skip":true},{"start":{"line":313,"column":47},"end":{"line":313,"column":53},"skip":true}]},"28":{"line":317,"type":"if","locations":[{"start":{"line":317,"column":12},"end":{"line":317,"column":12},"skip":true},{"start":{"line":317,"column":12},"end":{"line":317,"column":12},"skip":true}]}},"code":["/*","example.js","","quickstart example","","instruction","    1. save this script as example.js","    2. run the shell command:","        $ npm install npmtest-braintree && PORT=8081 node example.js","    3. play with the browser-demo on http://127.0.0.1:8081","*/","","","","/* istanbul instrument in package npmtest_braintree */","/*jslint","    bitwise: true,","    browser: true,","    maxerr: 8,","    maxlen: 96,","    node: true,","    nomen: true,","    regexp: true,","    stupid: true","*/","(function () {","    'use strict';","    var local;","","","","    // run shared js-env code - pre-init","    (function () {","        // init local","        local = {};","        // init modeJs","        local.modeJs = (function () {","            try {","                return typeof navigator.userAgent === 'string' &&","                    typeof document.querySelector('body') === 'object' &&","                    typeof XMLHttpRequest.prototype.open === 'function' &&","                    'browser';","            } catch (errorCaughtBrowser) {","                return module.exports &&","                    typeof process.versions.node === 'string' &&","                    typeof require('http').createServer === 'function' &&","                    'node';","            }","        }());","        // init global","        local.global = local.modeJs === 'browser'","            ? window","            : global;","        // init utility2_rollup","        local = local.global.utility2_rollup || (local.modeJs === 'browser'","            ? local.global.utility2_npmtest_braintree","            : global.utility2_moduleExports);","        // export local","        local.global.local = local;","    }());","    switch (local.modeJs) {","","","","    // post-init","    // run browser js-env code - post-init","    /* istanbul ignore next */","    case 'browser':","        local.testRunBrowser = function (event) {","            if (!event || (event &&","                    event.currentTarget &&","                    event.currentTarget.className &&","                    event.currentTarget.className.includes &&","                    event.currentTarget.className.includes('onreset'))) {","                // reset output","                Array.from(","                    document.querySelectorAll('body > .resettable')","                ).forEach(function (element) {","                    switch (element.tagName) {","                    case 'INPUT':","                    case 'TEXTAREA':","                        element.value = '';","                        break;","                    default:","                        element.textContent = '';","                    }","                });","            }","            switch (event && event.currentTarget && event.currentTarget.id) {","            case 'testRunButton1':","                // show tests","                if (document.querySelector('#testReportDiv1').style.display === 'none') {","                    document.querySelector('#testReportDiv1').style.display = 'block';","                    document.querySelector('#testRunButton1').textContent =","                        'hide internal test';","                    local.modeTest = true;","                    local.testRunDefault(local);","                // hide tests","                } else {","                    document.querySelector('#testReportDiv1').style.display = 'none';","                    document.querySelector('#testRunButton1').textContent = 'run internal test';","                }","                break;","            // custom-case","            default:","                break;","            }","            if (document.querySelector('#inputTextareaEval1') && (!event || (event &&","                    event.currentTarget &&","                    event.currentTarget.className &&","                    event.currentTarget.className.includes &&","                    event.currentTarget.className.includes('oneval')))) {","                // try to eval input-code","                try {","                    /*jslint evil: true*/","                    eval(document.querySelector('#inputTextareaEval1').value);","                } catch (errorCaught) {","                    console.error(errorCaught);","                }","            }","        };","        // log stderr and stdout to #outputTextareaStdout1","        ['error', 'log'].forEach(function (key) {","            console[key + '_original'] = console[key];","            console[key] = function () {","                var element;","                console[key + '_original'].apply(console, arguments);","                element = document.querySelector('#outputTextareaStdout1');","                if (!element) {","                    return;","                }","                // append text to #outputTextareaStdout1","                element.value += Array.from(arguments).map(function (arg) {","                    return typeof arg === 'string'","                        ? arg","                        : JSON.stringify(arg, null, 4);","                }).join(' ') + '\\n';","                // scroll textarea to bottom","                element.scrollTop = element.scrollHeight;","            };","        });","        // init event-handling","        ['change', 'click', 'keyup'].forEach(function (event) {","            Array.from(document.querySelectorAll('.on' + event)).forEach(function (element) {","                element.addEventListener(event, local.testRunBrowser);","            });","        });","        // run tests","        local.testRunBrowser();","        break;","","","","    // run node js-env code - post-init","    /* istanbul ignore next */","    case 'node':","        // export local","        module.exports = local;","        // require modules","        local.fs = require('fs');","        local.http = require('http');","        local.url = require('url');","        // init assets","        local.assetsDict = local.assetsDict || {};","        /* jslint-ignore-begin */","        local.assetsDict['/assets.index.template.html'] = '\\","<!doctype html>\\n\\","<html lang=\"en\">\\n\\","<head>\\n\\","<meta charset=\"UTF-8\">\\n\\","<meta name=\"viewport\" content=\"width=device-width, initial-scale=1\">\\n\\","<title>{{env.npm_package_name}} (v{{env.npm_package_version}})</title>\\n\\","<style>\\n\\","/*csslint\\n\\","    box-sizing: false,\\n\\","    universal-selector: false\\n\\","*/\\n\\","* {\\n\\","    box-sizing: border-box;\\n\\","}\\n\\","body {\\n\\","    background: #dde;\\n\\","    font-family: Arial, Helvetica, sans-serif;\\n\\","    margin: 2rem;\\n\\","}\\n\\","body > * {\\n\\","    margin-bottom: 1rem;\\n\\","}\\n\\",".utility2FooterDiv {\\n\\","    margin-top: 20px;\\n\\","    text-align: center;\\n\\","}\\n\\","</style>\\n\\","<style>\\n\\","/*csslint\\n\\","*/\\n\\","textarea {\\n\\","    font-family: monospace;\\n\\","    height: 10rem;\\n\\","    width: 100%;\\n\\","}\\n\\","textarea[readonly] {\\n\\","    background: #ddd;\\n\\","}\\n\\","</style>\\n\\","</head>\\n\\","<body>\\n\\","<!-- utility2-comment\\n\\","<div id=\"ajaxProgressDiv1\" style=\"background: #d00; height: 2px; left: 0; margin: 0; padding: 0; position: fixed; top: 0; transition: background 0.5s, width 1.5s; width: 25%;\"></div>\\n\\","utility2-comment -->\\n\\","<h1>\\n\\","<!-- utility2-comment\\n\\","    <a\\n\\","        {{#if env.npm_package_homepage}}\\n\\","        href=\"{{env.npm_package_homepage}}\"\\n\\","        {{/if env.npm_package_homepage}}\\n\\","        target=\"_blank\"\\n\\","    >\\n\\","utility2-comment -->\\n\\","        {{env.npm_package_name}} (v{{env.npm_package_version}})\\n\\","<!-- utility2-comment\\n\\","    </a>\\n\\","utility2-comment -->\\n\\","</h1>\\n\\","<h3>{{env.npm_package_description}}</h3>\\n\\","<!-- utility2-comment\\n\\","<h4><a download href=\"assets.app.js\">download standalone app</a></h4>\\n\\","<button class=\"onclick onreset\" id=\"testRunButton1\">run internal test</button><br>\\n\\","<div id=\"testReportDiv1\" style=\"display: none;\"></div>\\n\\","utility2-comment -->\\n\\","\\n\\","\\n\\","\\n\\","<label>stderr and stdout</label>\\n\\","<textarea class=\"resettable\" id=\"outputTextareaStdout1\" readonly></textarea>\\n\\","<!-- utility2-comment\\n\\","{{#if isRollup}}\\n\\","<script src=\"assets.app.js\"></script>\\n\\","{{#unless isRollup}}\\n\\","utility2-comment -->\\n\\","<script src=\"assets.utility2.rollup.js\"></script>\\n\\","<script src=\"jsonp.utility2._stateInit?callback=window.utility2._stateInit\"></script>\\n\\","<script src=\"assets.npmtest_braintree.rollup.js\"></script>\\n\\","<script src=\"assets.example.js\"></script>\\n\\","<script src=\"assets.test.js\"></script>\\n\\","<!-- utility2-comment\\n\\","{{/if isRollup}}\\n\\","utility2-comment -->\\n\\","<div class=\"utility2FooterDiv\">\\n\\","    [ this app was created with\\n\\","    <a href=\"https://github.com/kaizhu256/node-utility2\" target=\"_blank\">utility2</a>\\n\\","    ]\\n\\","</div>\\n\\","</body>\\n\\","</html>\\n\\","';","        /* jslint-ignore-end */","        if (local.templateRender) {","            local.assetsDict['/'] = local.templateRender(","                local.assetsDict['/assets.index.template.html'],","                {","                    env: local.objectSetDefault(local.env, {","                        npm_package_description: 'the greatest app in the world!',","                        npm_package_name: 'my-app',","                        npm_package_nameAlias: 'my_app',","                        npm_package_version: '0.0.1'","                    })","                }","            );","        } else {","            local.assetsDict['/'] = local.assetsDict['/assets.index.template.html']","                .replace((/\\{\\{env\\.(\\w+?)\\}\\}/g), function (match0, match1) {","                    // jslint-hack","                    String(match0);","                    switch (match1) {","                    case 'npm_package_description':","                        return 'the greatest app in the world!';","                    case 'npm_package_name':","                        return 'my-app';","                    case 'npm_package_nameAlias':","                        return 'my_app';","                    case 'npm_package_version':","                        return '0.0.1';","                    }","                });","        }","        // run the cli","        if (local.global.utility2_rollup || module !== require.main) {","            break;","        }","        local.assetsDict['/assets.example.js'] =","            local.assetsDict['/assets.example.js'] ||","            local.fs.readFileSync(__filename, 'utf8');","        // bug-workaround - long $npm_package_buildCustomOrg","        /* jslint-ignore-begin */","        local.assetsDict['/assets.npmtest_braintree.rollup.js'] =","            local.assetsDict['/assets.npmtest_braintree.rollup.js'] ||","            local.fs.readFileSync(","                local.npmtest_braintree.__dirname + '/lib.npmtest_braintree.js',","                'utf8'","            ).replace((/^#!/), '//');","        /* jslint-ignore-end */","        local.assetsDict['/favicon.ico'] = local.assetsDict['/favicon.ico'] || '';","        // if $npm_config_timeout_exit exists,","        // then exit this process after $npm_config_timeout_exit ms","        if (Number(process.env.npm_config_timeout_exit)) {","            setTimeout(process.exit, Number(process.env.npm_config_timeout_exit));","        }","        // start server","        if (local.global.utility2_serverHttp1) {","            break;","        }","        process.env.PORT = process.env.PORT || '8081';","        console.error('server starting on port ' + process.env.PORT);","        local.http.createServer(function (request, response) {","            request.urlParsed = local.url.parse(request.url);","            if (local.assetsDict[request.urlParsed.pathname] !== undefined) {","                response.end(local.assetsDict[request.urlParsed.pathname]);","                return;","            }","            response.statusCode = 404;","            response.end();","        }).listen(process.env.PORT);","        break;","    }","}());",""],"l":{"26":2,"28":2,"33":2,"35":2,"37":2,"38":2,"39":2,"44":1,"51":2,"55":2,"59":2,"61":2,"69":1,"70":2,"76":2,"79":2,"82":2,"83":2,"85":1,"89":2,"92":1,"93":1,"94":1,"96":1,"97":1,"100":1,"101":1,"103":1,"106":1,"108":2,"114":1,"116":1,"118":1,"123":1,"124":2,"125":2,"126":3,"127":3,"128":3,"129":3,"130":1,"133":3,"134":3,"139":3,"143":1,"144":3,"145":1,"149":1,"150":1,"158":1,"160":1,"161":1,"162":1,"164":1,"166":1,"258":1,"259":1,"271":1,"274":6,"275":6,"277":1,"279":2,"281":1,"283":2,"288":1,"289":1,"291":1,"296":1,"303":1,"306":1,"307":1,"310":1,"311":1,"313":1,"314":1,"315":1,"316":1,"317":1,"318":1,"319":1,"321":1,"322":1,"324":1}},"/home/travis/build/npmtest/node-npmtest-braintree/node_modules/braintree/index.js":{"path":"/home/travis/build/npmtest/node-npmtest-braintree/node_modules/braintree/index.js","s":{"1":1},"b":{},"f":{},"fnMap":{},"statementMap":{"1":{"start":{"line":3,"column":0},"end":{"line":3,"column":44}}},"branchMap":{},"code":["'use strict';","","module.exports = require('./lib/braintree');",""],"l":{"3":1}},"/home/travis/build/npmtest/node-npmtest-braintree/node_modules/braintree/lib/braintree.js":{"path":"/home/travis/build/npmtest/node-npmtest-braintree/node_modules/braintree/lib/braintree.js","s":{"1":1,"2":1,"3":1,"4":1,"5":1,"6":1,"7":1,"8":1,"9":1,"10":1,"11":1,"12":1,"13":1,"14":1,"15":1,"16":1,"17":1,"18":1,"19":1,"20":1,"21":1,"22":1,"23":1,"24":1,"25":1,"26":1,"27":0,"28":1,"29":1},"b":{},"f":{},"fnMap":{},"statementMap":{"1":{"start":{"line":3,"column":0},"end":{"line":3,"column":49}},"2":{"start":{"line":4,"column":0},"end":{"line":4,"column":50}},"3":{"start":{"line":5,"column":0},"end":{"line":5,"column":65}},"4":{"start":{"line":6,"column":0},"end":{"line":6,"column":81}},"5":{"start":{"line":7,"column":0},"end":{"line":7,"column":63}},"6":{"start":{"line":9,"column":0},"end":{"line":9,"column":65}},"7":{"start":{"line":11,"column":0},"end":{"line":11,"column":63}},"8":{"start":{"line":12,"column":0},"end":{"line":12,"column":72}},"9":{"start":{"line":13,"column":0},"end":{"line":13,"column":76}},"10":{"start":{"line":14,"column":0},"end":{"line":14,"column":70}},"11":{"start":{"line":15,"column":0},"end":{"line":15,"column":69}},"12":{"start":{"line":16,"column":0},"end":{"line":16,"column":78}},"13":{"start":{"line":17,"column":0},"end":{"line":17,"column":104}},"14":{"start":{"line":19,"column":0},"end":{"line":19,"column":100}},"15":{"start":{"line":20,"column":0},"end":{"line":20,"column":68}},"16":{"start":{"line":21,"column":0},"end":{"line":21,"column":78}},"17":{"start":{"line":22,"column":0},"end":{"line":22,"column":100}},"18":{"start":{"line":23,"column":0},"end":{"line":23,"column":90}},"19":{"start":{"line":24,"column":0},"end":{"line":24,"column":75}},"20":{"start":{"line":25,"column":0},"end":{"line":25,"column":94}},"21":{"start":{"line":27,"column":0},"end":{"line":27,"column":93}},"22":{"start":{"line":28,"column":0},"end":{"line":28,"column":90}},"23":{"start":{"line":29,"column":0},"end":{"line":29,"column":91}},"24":{"start":{"line":30,"column":0},"end":{"line":30,"column":55}},"25":{"start":{"line":31,"column":0},"end":{"line":31,"column":92}},"26":{"start":{"line":33,"column":0},"end":{"line":33,"column":65}},"27":{"start":{"line":33,"column":24},"end":{"line":33,"column":64}},"28":{"start":{"line":34,"column":0},"end":{"line":40,"column":2}},"29":{"start":{"line":42,"column":0},"end":{"line":67,"column":2}}},"branchMap":{},"code":["'use strict';","","let version = require('../package.json').version;","let Config = require('./braintree/config').Config;","let Environment = require('./braintree/environment').Environment;","let BraintreeGateway = require('./braintree/braintree_gateway').BraintreeGateway;","let errorTypes = require('./braintree/error_types').errorTypes;","","let Transaction = require('./braintree/transaction').Transaction;","","let CreditCard = require('./braintree/credit_card').CreditCard;","let PayPalAccount = require('./braintree/paypal_account').PayPalAccount;","let AndroidPayCard = require('./braintree/android_pay_card').AndroidPayCard;","let ApplePayCard = require('./braintree/apple_pay_card').ApplePayCard;","let VenmoAccount = require('./braintree/venmo_account').VenmoAccount;","let CoinbaseAccount = require('./braintree/coinbase_account').CoinbaseAccount;","let AmexExpressCheckoutCard = require('./braintree/amex_express_checkout_card').AmexExpressCheckoutCard;","","let CreditCardVerification = require('./braintree/credit_card_verification').CreditCardVerification;","let Subscription = require('./braintree/subscription').Subscription;","let MerchantAccount = require('./braintree/merchant_account').MerchantAccount;","let PaymentInstrumentTypes = require('./braintree/payment_instrument_types').PaymentInstrumentTypes;","let WebhookNotification = require('./braintree/webhook_notification').WebhookNotification;","let TestingGateway = require('./braintree/testing_gateway').TestingGateway;","let ValidationErrorCodes = require('./braintree/validation_error_codes').ValidationErrorCodes;","","let CreditCardDefaults = require('./braintree/test/credit_card_defaults').CreditCardDefaults;","let CreditCardNumbers = require('./braintree/test/credit_card_numbers').CreditCardNumbers;","let MerchantAccountTest = require('./braintree/test/merchant_account').MerchantAccountTest;","let Nonces = require('./braintree/test/nonces').Nonces;","let TransactionAmounts = require('./braintree/test/transaction_amounts').TransactionAmounts;","","let connect = config => new BraintreeGateway(new Config(config)); // eslint-disable-line func-style","let Test = {","  CreditCardDefaults: CreditCardDefaults,","  CreditCardNumbers: CreditCardNumbers,","  MerchantAccountTest: MerchantAccountTest,","  Nonces: Nonces,","  TransactionAmounts: TransactionAmounts","};","","module.exports = {","  connect: connect,","  version: version,","  Environment: Environment,","  errorTypes: errorTypes,","","  Transaction: Transaction,","","  CreditCard: CreditCard,","  PayPalAccount: PayPalAccount,","  AndroidPayCard: AndroidPayCard,","  ApplePayCard: ApplePayCard,","  VenmoAccount: VenmoAccount,","  CoinbaseAccount: CoinbaseAccount,","  AmexExpressCheckoutCard: AmexExpressCheckoutCard,","","  CreditCardVerification: CreditCardVerification,","  Subscription: Subscription,","  MerchantAccount: MerchantAccount,","  PaymentInstrumentTypes: PaymentInstrumentTypes,","  WebhookNotification: WebhookNotification,","  TestingGateway: TestingGateway,","  ValidationErrorCodes: ValidationErrorCodes,","","  Test: Test","};",""],"l":{"3":1,"4":1,"5":1,"6":1,"7":1,"9":1,"11":1,"12":1,"13":1,"14":1,"15":1,"16":1,"17":1,"19":1,"20":1,"21":1,"22":1,"23":1,"24":1,"25":1,"27":1,"28":1,"29":1,"30":1,"31":1,"33":1,"34":1,"42":1}},"/home/travis/build/npmtest/node-npmtest-braintree/node_modules/braintree/lib/braintree/config.js":{"path":"/home/travis/build/npmtest/node-npmtest-braintree/node_modules/braintree/lib/braintree/config.js","s":{"1":1,"2":0,"3":0,"4":0,"5":0,"6":0,"7":0,"8":0,"9":0,"10":0,"11":0,"12":0,"13":0,"14":0,"15":0,"16":0,"17":0,"18":0,"19":0,"20":0,"21":0,"22":0,"23":0,"24":0,"25":0,"26":0,"27":0,"28":0,"29":0,"30":1},"b":{"1":[0,0],"2":[0,0],"3":[0,0],"4":[0,0],"5":[0,0],"6":[0,0],"7":[0,0],"8":[0,0]},"f":{"1":0,"2":0,"3":0,"4":0},"fnMap":{"1":{"name":"(anonymous_1)","line":6,"loc":{"start":{"line":6,"column":13},"end":{"line":6,"column":25}}},"2":{"name":"(anonymous_2)","line":33,"loc":{"start":{"line":33,"column":18},"end":{"line":33,"column":21}}},"3":{"name":"(anonymous_3)","line":35,"loc":{"start":{"line":35,"column":9},"end":{"line":35,"column":12}}},"4":{"name":"(anonymous_4)","line":37,"loc":{"start":{"line":37,"column":17},"end":{"line":37,"column":20}}}},"statementMap":{"1":{"start":{"line":3,"column":0},"end":{"line":3,"column":74}},"2":{"start":{"line":7,"column":4},"end":{"line":7,"column":25}},"3":{"start":{"line":8,"column":4},"end":{"line":8,"column":26}},"4":{"start":{"line":9,"column":4},"end":{"line":9,"column":41}},"5":{"start":{"line":11,"column":4},"end":{"line":30,"column":5}},"6":{"start":{"line":12,"column":6},"end":{"line":12,"column":80}},"7":{"start":{"line":13,"column":6},"end":{"line":13,"column":38}},"8":{"start":{"line":14,"column":6},"end":{"line":14,"column":46}},"9":{"start":{"line":15,"column":6},"end":{"line":15,"column":44}},"10":{"start":{"line":16,"column":11},"end":{"line":30,"column":5}},"11":{"start":{"line":17,"column":6},"end":{"line":17,"column":53}},"12":{"start":{"line":18,"column":6},"end":{"line":18,"column":44}},"13":{"start":{"line":19,"column":6},"end":{"line":19,"column":44}},"14":{"start":{"line":20,"column":6},"end":{"line":20,"column":42}},"15":{"start":{"line":22,"column":6},"end":{"line":22,"column":43}},"16":{"start":{"line":23,"column":6},"end":{"line":23,"column":45}},"17":{"start":{"line":24,"column":6},"end":{"line":24,"column":68}},"18":{"start":{"line":25,"column":6},"end":{"line":25,"column":47}},"19":{"start":{"line":26,"column":6},"end":{"line":26,"column":68}},"20":{"start":{"line":26,"column":29},"end":{"line":26,"column":66}},"21":{"start":{"line":27,"column":6},"end":{"line":27,"column":70}},"22":{"start":{"line":27,"column":30},"end":{"line":27,"column":68}},"23":{"start":{"line":28,"column":6},"end":{"line":28,"column":70}},"24":{"start":{"line":28,"column":30},"end":{"line":28,"column":68}},"25":{"start":{"line":29,"column":6},"end":{"line":29,"column":72}},"26":{"start":{"line":29,"column":31},"end":{"line":29,"column":70}},"27":{"start":{"line":33,"column":23},"end":{"line":33,"column":62}},"28":{"start":{"line":35,"column":14},"end":{"line":35,"column":48}},"29":{"start":{"line":37,"column":22},"end":{"line":37,"column":70}},"30":{"start":{"line":40,"column":0},"end":{"line":40,"column":34}}},"branchMap":{"1":{"line":11,"type":"if","locations":[{"start":{"line":11,"column":4},"end":{"line":11,"column":4}},{"start":{"line":11,"column":4},"end":{"line":11,"column":4}}]},"2":{"line":11,"type":"binary-expr","locations":[{"start":{"line":11,"column":8},"end":{"line":11,"column":26}},{"start":{"line":11,"column":30},"end":{"line":11,"column":52}}]},"3":{"line":16,"type":"if","locations":[{"start":{"line":16,"column":11},"end":{"line":16,"column":11}},{"start":{"line":16,"column":11},"end":{"line":16,"column":11}}]},"4":{"line":24,"type":"binary-expr","locations":[{"start":{"line":24,"column":24},"end":{"line":24,"column":44}},{"start":{"line":24,"column":48},"end":{"line":24,"column":67}}]},"5":{"line":26,"type":"if","locations":[{"start":{"line":26,"column":6},"end":{"line":26,"column":6}},{"start":{"line":26,"column":6},"end":{"line":26,"column":6}}]},"6":{"line":27,"type":"if","locations":[{"start":{"line":27,"column":6},"end":{"line":27,"column":6}},{"start":{"line":27,"column":6},"end":{"line":27,"column":6}}]},"7":{"line":28,"type":"if","locations":[{"start":{"line":28,"column":6},"end":{"line":28,"column":6}},{"start":{"line":28,"column":6},"end":{"line":28,"column":6}}]},"8":{"line":29,"type":"if","locations":[{"start":{"line":29,"column":6},"end":{"line":29,"column":6}},{"start":{"line":29,"column":6},"end":{"line":29,"column":6}}]}},"code":["'use strict';","","let CredentialsParser = require('./credentials_parser').CredentialsParser;","","class Config {","  constructor(rawConfig) {","    this.timeout = 60000;","    this.apiVersion = '4';","    let parser = new CredentialsParser();","","    if (rawConfig.clientId || rawConfig.clientSecret) {","      parser.parseClientCredentials(rawConfig.clientId, rawConfig.clientSecret);","      this.clientId = parser.clientId;","      this.clientSecret = parser.clientSecret;","      this.environment = parser.environment;","    } else if (rawConfig.accessToken) {","      parser.parseAccessToken(rawConfig.accessToken);","      this.accessToken = parser.accessToken;","      this.environment = parser.environment;","      this.merchantId = parser.merchantId;","    } else {","      this.publicKey = rawConfig.publicKey;","      this.privateKey = rawConfig.privateKey;","      this.merchantId = rawConfig.merchantId || rawConfig.partnerId;","      this.environment = rawConfig.environment;","      if (!this.publicKey) { throw new Error('Missing publicKey'); }","      if (!this.privateKey) { throw new Error('Missing privateKey'); }","      if (!this.merchantId) { throw new Error('Missing merchantId'); }","      if (!this.environment) { throw new Error('Missing environment'); }","    }","  }","","  baseMerchantPath() { return `/merchants/${this.merchantId}`; }","","  baseUrl() { return this.environment.baseUrl(); }","","  baseMerchantUrl() { return this.baseUrl() + this.baseMerchantPath(); }","}","","module.exports = {Config: Config};",""],"l":{"3":1,"7":0,"8":0,"9":0,"11":0,"12":0,"13":0,"14":0,"15":0,"16":0,"17":0,"18":0,"19":0,"20":0,"22":0,"23":0,"24":0,"25":0,"26":0,"27":0,"28":0,"29":0,"33":0,"35":0,"37":0,"40":1}},"/home/travis/build/npmtest/node-npmtest-braintree/node_modules/braintree/lib/braintree/credentials_parser.js":{"path":"/home/travis/build/npmtest/node-npmtest-braintree/node_modules/braintree/lib/braintree/credentials_parser.js","s":{"1":1,"2":0,"3":0,"4":0,"5":0,"6":0,"7":0,"8":0,"9":0,"10":0,"11":0,"12":0,"13":0,"14":0,"15":0,"16":0,"17":0,"18":0,"19":0,"20":0,"21":0,"22":0,"23":0,"24":0,"25":0,"26":0,"27":0,"28":0,"29":0,"30":0,"31":0,"32":0,"33":1},"b":{"1":[0,0],"2":[0,0],"3":[0,0],"4":[0,0],"5":[0,0],"6":[0,0],"7":[0,0],"8":[0,0,0,0,0,0]},"f":{"1":0,"2":0,"3":0},"fnMap":{"1":{"name":"(anonymous_1)","line":6,"loc":{"start":{"line":6,"column":24},"end":{"line":6,"column":49}}},"2":{"name":"(anonymous_2)","line":27,"loc":{"start":{"line":27,"column":18},"end":{"line":27,"column":32}}},"3":{"name":"(anonymous_3)","line":39,"loc":{"start":{"line":39,"column":18},"end":{"line":39,"column":31}}}},"statementMap":{"1":{"start":{"line":3,"column":0},"end":{"line":3,"column":55}},"2":{"start":{"line":7,"column":4},"end":{"line":7,"column":29}},"3":{"start":{"line":8,"column":4},"end":{"line":8,"column":37}},"4":{"start":{"line":9,"column":4},"end":{"line":9,"column":64}},"5":{"start":{"line":9,"column":26},"end":{"line":9,"column":62}},"6":{"start":{"line":10,"column":4},"end":{"line":10,"column":72}},"7":{"start":{"line":10,"column":30},"end":{"line":10,"column":70}},"8":{"start":{"line":12,"column":4},"end":{"line":12,"column":118}},"9":{"start":{"line":12,"column":52},"end":{"line":12,"column":116}},"10":{"start":{"line":13,"column":4},"end":{"line":13,"column":134}},"11":{"start":{"line":13,"column":60},"end":{"line":13,"column":132}},"12":{"start":{"line":15,"column":4},"end":{"line":15,"column":67}},"13":{"start":{"line":16,"column":4},"end":{"line":16,"column":75}},"14":{"start":{"line":18,"column":4},"end":{"line":20,"column":5}},"15":{"start":{"line":19,"column":6},"end":{"line":19,"column":167}},"16":{"start":{"line":22,"column":4},"end":{"line":22,"column":43}},"17":{"start":{"line":24,"column":4},"end":{"line":24,"column":28}},"18":{"start":{"line":28,"column":4},"end":{"line":28,"column":35}},"19":{"start":{"line":29,"column":4},"end":{"line":29,"column":71}},"20":{"start":{"line":29,"column":29},"end":{"line":29,"column":69}},"21":{"start":{"line":31,"column":4},"end":{"line":31,"column":136}},"22":{"start":{"line":31,"column":58},"end":{"line":31,"column":134}},"23":{"start":{"line":33,"column":4},"end":{"line":33,"column":53}},"24":{"start":{"line":34,"column":4},"end":{"line":34,"column":63}},"25":{"start":{"line":36,"column":4},"end":{"line":36,"column":28}},"26":{"start":{"line":40,"column":4},"end":{"line":40,"column":39}},"27":{"start":{"line":42,"column":4},"end":{"line":49,"column":5}},"28":{"start":{"line":44,"column":26},"end":{"line":44,"column":57}},"29":{"start":{"line":45,"column":17},"end":{"line":45,"column":39}},"30":{"start":{"line":46,"column":22},"end":{"line":46,"column":49}},"31":{"start":{"line":47,"column":25},"end":{"line":47,"column":55}},"32":{"start":{"line":48,"column":15},"end":{"line":48,"column":62}},"33":{"start":{"line":53,"column":0},"end":{"line":53,"column":56}}},"branchMap":{"1":{"line":9,"type":"if","locations":[{"start":{"line":9,"column":4},"end":{"line":9,"column":4}},{"start":{"line":9,"column":4},"end":{"line":9,"column":4}}]},"2":{"line":10,"type":"if","locations":[{"start":{"line":10,"column":4},"end":{"line":10,"column":4}},{"start":{"line":10,"column":4},"end":{"line":10,"column":4}}]},"3":{"line":12,"type":"if","locations":[{"start":{"line":12,"column":4},"end":{"line":12,"column":4}},{"start":{"line":12,"column":4},"end":{"line":12,"column":4}}]},"4":{"line":13,"type":"if","locations":[{"start":{"line":13,"column":4},"end":{"line":13,"column":4}},{"start":{"line":13,"column":4},"end":{"line":13,"column":4}}]},"5":{"line":18,"type":"if","locations":[{"start":{"line":18,"column":4},"end":{"line":18,"column":4}},{"start":{"line":18,"column":4},"end":{"line":18,"column":4}}]},"6":{"line":29,"type":"if","locations":[{"start":{"line":29,"column":4},"end":{"line":29,"column":4}},{"start":{"line":29,"column":4},"end":{"line":29,"column":4}}]},"7":{"line":31,"type":"if","locations":[{"start":{"line":31,"column":4},"end":{"line":31,"column":4}},{"start":{"line":31,"column":4},"end":{"line":31,"column":4}}]},"8":{"line":42,"type":"switch","locations":[{"start":{"line":43,"column":6},"end":{"line":43,"column":25}},{"start":{"line":44,"column":6},"end":{"line":44,"column":57}},{"start":{"line":45,"column":6},"end":{"line":45,"column":39}},{"start":{"line":46,"column":6},"end":{"line":46,"column":49}},{"start":{"line":47,"column":6},"end":{"line":47,"column":55}},{"start":{"line":48,"column":6},"end":{"line":48,"column":62}}]}},"code":["'use strict';","","let Environment = require('./environment').Environment;","","class CredentialsParser {","  parseClientCredentials(clientId, clientSecret) {","    this.clientId = clientId;","    this.clientSecret = clientSecret;","    if (!this.clientId) { throw new Error('Missing clientId'); }","    if (!this.clientSecret) { throw new Error('Missing clientSecret'); }","","    if (this.clientId.indexOf('client_id') !== 0) { throw new Error('Value passed for clientId is not a client id'); }","    if (this.clientSecret.indexOf('client_secret') !== 0) { throw new Error('Value passed for clientSecret is not a client secret'); }","","    let clientIdEnvironment = this.parseEnvironment(this.clientId);","    let clientSecretEnvironment = this.parseEnvironment(this.clientSecret);","","    if (clientIdEnvironment !== clientSecretEnvironment) {","      throw new Error(`Mismatched credential environments: clientId environment is ${clientIdEnvironment} and clientSecret environment is ${clientSecretEnvironment}`);","    }","","    this.environment = clientIdEnvironment;","","    return this.environment;","  }","","  parseAccessToken(accessToken) {","    this.accessToken = accessToken;","    if (!this.accessToken) { throw new Error('Missing access token'); }","","    if (this.accessToken.indexOf('access_token') !== 0) { throw new Error('Value passed for accessToken is not a valid access token'); }","","    this.merchantId = this.accessToken.split('$')[2];","    this.environment = this.parseEnvironment(this.accessToken);","","    return this.environment;","  }","","  parseEnvironment(credential) {","    let env = credential.split('$')[1];","","    switch (env) {","      case 'development':","      case 'integration': return Environment.Development;","      case 'qa': return Environment.Qa;","      case 'sandbox': return Environment.Sandbox;","      case 'production': return Environment.Production;","      default: throw new Error(`Unknown environment: ${env}`);","    }","  }","}","","module.exports = {CredentialsParser: CredentialsParser};",""],"l":{"3":1,"7":0,"8":0,"9":0,"10":0,"12":0,"13":0,"15":0,"16":0,"18":0,"19":0,"22":0,"24":0,"28":0,"29":0,"31":0,"33":0,"34":0,"36":0,"40":0,"42":0,"44":0,"45":0,"46":0,"47":0,"48":0,"53":1}},"/home/travis/build/npmtest/node-npmtest-braintree/node_modules/braintree/lib/braintree/environment.js":{"path":"/home/travis/build/npmtest/node-npmtest-braintree/node_modules/braintree/lib/braintree/environment.js","s":{"1":1,"2":1,"3":1,"4":1,"5":1,"6":1,"7":4,"8":4,"9":4,"10":4,"11":0,"12":0,"13":0,"14":0,"15":0,"16":1,"17":1},"b":{"1":[1,1],"2":[0,0],"3":[0,0]},"f":{"1":1,"2":4,"3":0,"4":0},"fnMap":{"1":{"name":"(anonymous_1)","line":6,"loc":{"start":{"line":6,"column":18},"end":{"line":6,"column":21}}},"2":{"name":"(anonymous_2)","line":14,"loc":{"start":{"line":14,"column":13},"end":{"line":14,"column":42}}},"3":{"name":"(anonymous_3)","line":21,"loc":{"start":{"line":21,"column":9},"end":{"line":21,"column":12}}},"4":{"name":"(anonymous_4)","line":31,"loc":{"start":{"line":31,"column":11},"end":{"line":31,"column":14}}}},"statementMap":{"1":{"start":{"line":3,"column":0},"end":{"line":3,"column":21}},"2":{"start":{"line":7,"column":4},"end":{"line":7,"column":58}},"3":{"start":{"line":8,"column":4},"end":{"line":8,"column":107}},"4":{"start":{"line":9,"column":4},"end":{"line":9,"column":126}},"5":{"start":{"line":10,"column":4},"end":{"line":10,"column":118}},"6":{"start":{"line":11,"column":4},"end":{"line":11,"column":105}},"7":{"start":{"line":15,"column":4},"end":{"line":15,"column":25}},"8":{"start":{"line":16,"column":4},"end":{"line":16,"column":21}},"9":{"start":{"line":17,"column":4},"end":{"line":17,"column":27}},"10":{"start":{"line":18,"column":4},"end":{"line":18,"column":19}},"11":{"start":{"line":22,"column":4},"end":{"line":22,"column":45}},"12":{"start":{"line":24,"column":4},"end":{"line":26,"column":5}},"13":{"start":{"line":25,"column":6},"end":{"line":25,"column":29}},"14":{"start":{"line":28,"column":4},"end":{"line":28,"column":15}},"15":{"start":{"line":32,"column":4},"end":{"line":32,"column":45}},"16":{"start":{"line":35,"column":0},"end":{"line":35,"column":24}},"17":{"start":{"line":37,"column":0},"end":{"line":37,"column":44}}},"branchMap":{"1":{"line":7,"type":"binary-expr","locations":[{"start":{"line":7,"column":23},"end":{"line":7,"column":47}},{"start":{"line":7,"column":51},"end":{"line":7,"column":57}}]},"2":{"line":24,"type":"if","locations":[{"start":{"line":24,"column":4},"end":{"line":24,"column":4}},{"start":{"line":24,"column":4},"end":{"line":24,"column":4}}]},"3":{"line":32,"type":"cond-expr","locations":[{"start":{"line":32,"column":22},"end":{"line":32,"column":32}},{"start":{"line":32,"column":35},"end":{"line":32,"column":44}}]}},"code":["'use strict';","","let DEVELOPMENT_PORT;","","class Environment {","  static initClass() {","    DEVELOPMENT_PORT = process.env.GATEWAY_PORT || '3000';","    this.Development = new Environment('localhost', DEVELOPMENT_PORT, 'http://auth.venmo.dev:9292', false);","    this.Qa = new Environment('gateway.qa.braintreepayments.com', '443', 'https://auth.venmo.qa2.braintreegateway.com', true);","    this.Sandbox = new Environment('api.sandbox.braintreegateway.com', '443', 'https://auth.sandbox.venmo.com', true);","    this.Production = new Environment('api.braintreegateway.com', '443', 'https://auth.venmo.com', true);","  }","","  constructor(server, port, authUrl, ssl) {","    this.server = server;","    this.port = port;","    this.authUrl = authUrl;","    this.ssl = ssl;","  }","","  baseUrl() {","    let url = this.uriScheme() + this.server;","","    if (this === Environment.Development) {","      url += `:${this.port}`;","    }","","    return url;","  }","","  uriScheme() {","    return this.ssl ? 'https://' : 'http://';","  }","}","Environment.initClass();","","module.exports = {Environment: Environment};",""],"l":{"3":1,"7":1,"8":1,"9":1,"10":1,"11":1,"15":4,"16":4,"17":4,"18":4,"22":0,"24":0,"25":0,"28":0,"32":0,"35":1,"37":1}},"/home/travis/build/npmtest/node-npmtest-braintree/node_modules/braintree/lib/braintree/braintree_gateway.js":{"path":"/home/travis/build/npmtest/node-npmtest-braintree/node_modules/braintree/lib/braintree/braintree_gateway.js","s":{"1":1,"2":1,"3":1,"4":1,"5":1,"6":1,"7":1,"8":1,"9":1,"10":1,"11":1,"12":1,"13":1,"14":1,"15":1,"16":1,"17":1,"18":1,"19":1,"20":1,"21":1,"22":1,"23":1,"24":1,"25":0,"26":0,"27":0,"28":0,"29":0,"30":0,"31":0,"32":0,"33":0,"34":0,"35":0,"36":0,"37":0,"38":0,"39":0,"40":0,"41":0,"42":0,"43":0,"44":0,"45":0,"46":0,"47":0,"48":0,"49":0,"50":1},"b":{},"f":{"1":0},"fnMap":{"1":{"name":"(anonymous_1)","line":29,"loc":{"start":{"line":29,"column":13},"end":{"line":29,"column":22}}}},"statementMap":{"1":{"start":{"line":3,"column":0},"end":{"line":3,"column":34}},"2":{"start":{"line":4,"column":0},"end":{"line":4,"column":60}},"3":{"start":{"line":5,"column":0},"end":{"line":5,"column":65}},"4":{"start":{"line":6,"column":0},"end":{"line":6,"column":78}},"5":{"start":{"line":7,"column":0},"end":{"line":7,"column":75}},"6":{"start":{"line":8,"column":0},"end":{"line":8,"column":112}},"7":{"start":{"line":9,"column":0},"end":{"line":9,"column":68}},"8":{"start":{"line":10,"column":0},"end":{"line":10,"column":80}},"9":{"start":{"line":11,"column":0},"end":{"line":11,"column":68}},"10":{"start":{"line":12,"column":0},"end":{"line":12,"column":90}},"11":{"start":{"line":13,"column":0},"end":{"line":13,"column":68}},"12":{"start":{"line":14,"column":0},"end":{"line":14,"column":59}},"13":{"start":{"line":15,"column":0},"end":{"line":15,"column":84}},"14":{"start":{"line":16,"column":0},"end":{"line":16,"column":100}},"15":{"start":{"line":17,"column":0},"end":{"line":17,"column":84}},"16":{"start":{"line":18,"column":0},"end":{"line":18,"column":56}},"17":{"start":{"line":19,"column":0},"end":{"line":19,"column":112}},"18":{"start":{"line":20,"column":0},"end":{"line":20,"column":80}},"19":{"start":{"line":21,"column":0},"end":{"line":21,"column":65}},"20":{"start":{"line":22,"column":0},"end":{"line":22,"column":77}},"21":{"start":{"line":23,"column":0},"end":{"line":23,"column":102}},"22":{"start":{"line":24,"column":0},"end":{"line":24,"column":85}},"23":{"start":{"line":25,"column":0},"end":{"line":25,"column":102}},"24":{"start":{"line":26,"column":0},"end":{"line":26,"column":87}},"25":{"start":{"line":30,"column":4},"end":{"line":30,"column":25}},"26":{"start":{"line":31,"column":4},"end":{"line":31,"column":38}},"27":{"start":{"line":32,"column":4},"end":{"line":32,"column":40}},"28":{"start":{"line":33,"column":4},"end":{"line":33,"column":44}},"29":{"start":{"line":34,"column":4},"end":{"line":34,"column":52}},"30":{"start":{"line":35,"column":4},"end":{"line":35,"column":50}},"31":{"start":{"line":36,"column":4},"end":{"line":36,"column":74}},"32":{"start":{"line":37,"column":4},"end":{"line":37,"column":46}},"33":{"start":{"line":38,"column":4},"end":{"line":38,"column":54}},"34":{"start":{"line":39,"column":4},"end":{"line":39,"column":46}},"35":{"start":{"line":40,"column":4},"end":{"line":40,"column":60}},"36":{"start":{"line":41,"column":4},"end":{"line":41,"column":46}},"37":{"start":{"line":42,"column":4},"end":{"line":42,"column":40}},"38":{"start":{"line":43,"column":4},"end":{"line":43,"column":56}},"39":{"start":{"line":44,"column":4},"end":{"line":44,"column":66}},"40":{"start":{"line":45,"column":4},"end":{"line":45,"column":56}},"41":{"start":{"line":46,"column":4},"end":{"line":46,"column":38}},"42":{"start":{"line":47,"column":4},"end":{"line":47,"column":74}},"43":{"start":{"line":48,"column":4},"end":{"line":48,"column":54}},"44":{"start":{"line":49,"column":4},"end":{"line":49,"column":44}},"45":{"start":{"line":50,"column":4},"end":{"line":50,"column":52}},"46":{"start":{"line":51,"column":4},"end":{"line":51,"column":68}},"47":{"start":{"line":52,"column":4},"end":{"line":52,"column":56}},"48":{"start":{"line":53,"column":4},"end":{"line":53,"column":68}},"49":{"start":{"line":54,"column":4},"end":{"line":54,"column":58}},"50":{"start":{"line":58,"column":0},"end":{"line":58,"column":54}}},"branchMap":{},"code":["'use strict';","","let Http = require('./http').Http;","let AddOnGateway = require('./add_on_gateway').AddOnGateway;","let AddressGateway = require('./address_gateway').AddressGateway;","let ClientTokenGateway = require('./client_token_gateway').ClientTokenGateway;","let CreditCardGateway = require('./credit_card_gateway').CreditCardGateway;","let CreditCardVerificationGateway = require('./credit_card_verification_gateway').CreditCardVerificationGateway;","let CustomerGateway = require('./customer_gateway').CustomerGateway;","let DisbursementGateway = require('./disbursement_gateway').DisbursementGateway;","let DiscountGateway = require('./discount_gateway').DiscountGateway;","let MerchantAccountGateway = require('./merchant_account_gateway').MerchantAccountGateway;","let MerchantGateway = require('./merchant_gateway').MerchantGateway;","let OAuthGateway = require('./oauth_gateway').OAuthGateway;","let PaymentMethodGateway = require('./payment_method_gateway').PaymentMethodGateway;","let PaymentMethodNonceGateway = require('./payment_method_nonce_gateway').PaymentMethodNonceGateway;","let PayPalAccountGateway = require('./paypal_account_gateway').PayPalAccountGateway;","let PlanGateway = require('./plan_gateway').PlanGateway;","let SettlementBatchSummaryGateway = require('./settlement_batch_summary_gateway').SettlementBatchSummaryGateway;","let SubscriptionGateway = require('./subscription_gateway').SubscriptionGateway;","let TestingGateway = require('./testing_gateway').TestingGateway;","let TransactionGateway = require('./transaction_gateway').TransactionGateway;","let TransparentRedirectGateway = require('./transparent_redirect_gateway').TransparentRedirectGateway;","let UsBankAccountGateway = require('./us_bank_account_gateway').UsBankAccountGateway;","let WebhookNotificationGateway = require('./webhook_notification_gateway').WebhookNotificationGateway;","let WebhookTestingGateway = require('./webhook_testing_gateway').WebhookTestingGateway;","","class BraintreeGateway {","  constructor(config) {","    this.config = config;","    this.http = new Http(this.config);","    this.addOn = new AddOnGateway(this);","    this.address = new AddressGateway(this);","    this.clientToken = new ClientTokenGateway(this);","    this.creditCard = new CreditCardGateway(this);","    this.creditCardVerification = new CreditCardVerificationGateway(this);","    this.customer = new CustomerGateway(this);","    this.disbursement = new DisbursementGateway(this);","    this.discount = new DiscountGateway(this);","    this.merchantAccount = new MerchantAccountGateway(this);","    this.merchant = new MerchantGateway(this);","    this.oauth = new OAuthGateway(this);","    this.paymentMethod = new PaymentMethodGateway(this)
[...]
y: '83309',","      IBANInvalidFormat: '83310',","      BillingAddressConflict: '93311',","      BillingAddressIdIsInvalid: '93312',","      TypeIsInvalid: '93313'","    };","","    this.SettlementBatchSummary = {","      SettlementDateIsInvalid: '82302',","      SettlementDateIsRequired: '82301',","      CustomFieldIsInvalid: '82303'","    };","","    this.Subscription = {","      BillingDayOfMonthCannotBeUpdated: '91918',","      BillingDayOfMonthIsInvalid: '91914',","      BillingDayOfMonthMustBeNumeric: '91913',","      CannotAddDuplicateAddonOrDiscount: '91911',","      CannotEditCanceledSubscription: '81901',","      CannotEditExpiredSubscription: '81910',","      CannotEditPriceChangingFieldsOnPastDueSubscription: '91920',","      FirstBillingDateCannotBeInThePast: '91916',","      FirstBillingDateCannotBeUpdated: '91919',","      FirstBillingDateIsInvalid: '91915',","      IdIsInUse: '81902',","      InconsistentNumberOfBillingCycles: '91908',","      InconsistentStartDate: '91917',","      InvalidRequestFormat: '91921',","      MerchantAccountDoesNotSupportInstrumentType: '91930',","      MerchantAccountIdIsInvalid: '91901',","      MismatchCurrencyISOCode: '91923',","      NumberOfBillingCyclesCannotBeBlank: '91912',","      NumberOfBillingCyclesIsTooSmall: '91909',","      NumberOfBillingCyclesMustBeGreaterThanZero: '91907',","      NumberOfBillingCyclesMustBeNumeric: '91906',","      PaymentMethodNonceCardTypeIsNotAccepted: '91924',","      PaymentMethodNonceInstrumentTypeDoesNotSupportSubscriptions: '91929',","      PaymentMethodNonceIsInvalid: '91925',","      PaymentMethodNonceNotAssociatedWithCustomer: '91926',","      PaymentMethodNonceUnvaultedCardIsNotAccepted: '91927',","      PaymentMethodTokenCardTypeIsNotAccepted: '91902',","      PaymentMethodTokenInstrumentTypeDoesNotSupportSubscriptions: '91928',","      PaymentMethodTokenIsInvalid: '91903',","      PaymentMethodTokenNotAssociatedWithCustomer: '91905',","      PlanBillingFrequencyCannotBeUpdated: '91922',","      PlanIdIsInvalid: '91904',","      PriceCannotBeBlank: '81903',","      PriceFormatIsInvalid: '81904',","      PriceIsTooLarge: '81923',","      StatusIsCanceled: '81905',","      TokenFormatIsInvalid: '81906',","      TrialDurationFormatIsInvalid: '81907',","      TrialDurationIsRequired: '81908',","      TrialDurationUnitIsInvalid: '81909',","      Modification: {","        AmountCannotBeBlank: '92003',","        AmountIsInvalid: '92002',","        AmountIsTooLarge: '92023',","        CannotEditModificationsOnPastDueSubscription: '92022',","        CannotUpdateAndRemove: '92015',","        ExistingIdIsIncorrectKind: '92020',","        ExistingIdIsInvalid: '92011',","        ExistingIdIsRequired: '92012',","        IdToRemoveIsIncorrectKind: '92021',","        IdToRemoveIsInvalid: '92025',","        IdToRemoveIsNotPresent: '92016',","        InconsistentNumberOfBillingCycles: '92018',","        InheritedFromIdIsInvalid: '92013',","        InheritedFromIdIsRequired: '92014',","        Missing: '92024',","        NumberOfBillingCyclesCannotBeBlank: '92017',","        NumberOfBillingCyclesIsInvalid: '92005',","        NumberOfBillingCyclesMustBeGreaterThanZero: '92019',","        QuantityCannotBeBlank: '92004',","        QuantityIsInvalid: '92001',","        QuantityMustBeGreaterThanZero: '92010'","      }","    };","","    this.Transaction = {","      AmountCannotBeNegative: '81501',","      AmountDoesNotMatch3DSecureAmount: '91585',","      AmountFormatIsInvalid: '81503',","      AmountIsRequired: '81502',","      AmountIsTooLarge: '81528',","      AmountMustBeGreaterThanZero: '81531',","      BillingAddressConflict: '91530',","      CannotBeVoided: '91504',","      CannotCancelRelease: '91562',","      CannotCloneCredit: '91543',","      CannotCloneMarketplaceTransaction: '915137',","      CannotCloneTransactionWithPayPalAccount: '91573',","      CannotCloneTransactionWithVaultCreditCard: '91540',","      CannotCloneUnsuccessfulTransaction: '91542',","      CannotCloneVoiceAuthorizations: '91541',","      CannotHoldInEscrow: '91560',","      CannotPartiallyRefundEscrowedTransaction: '91563',","      CannotRefundCredit: '91505',","      CannotRefundSettlingTransaction: '91574',","      CannotRefundUnlessSettled: '91506',","      CannotRefundWithPendingMerchantAccount: '91559',","      CannotRefundWithSuspendedMerchantAccount: '91538',","      CannotReleaseFromEscrow: '91561',","      CannotSimulateSettlement: '91575',","      CannotSubmitForPartialSettlement: '915103',","      CannotSubmitForSettlement: '91507',","      CannotUpdateTransactionDetailsNotSubmittedForSettlement: '915129',","      ChannelIsTooLong: '91550',","      CreditCardIsRequired: '91508',","      CustomFieldIsInvalid: '91526',","      CustomFieldIsTooLong: '81527',","      CustomerDefaultPaymentMethodCardTypeIsNotAccepted: '81509',","      CustomerDoesNotHaveCreditCard: '91511',","      CustomerIdIsInvalid: '91510',","      HasAlreadyBeenRefunded: '91512',","      MerchantAccountDoesNotMatch3DSecureMerchantAccount: '91584',","      MerchantAccountDoesNotSupportMOTO: '91558',","      MerchantAccountDoesNotSupportRefunds: '91547',","      MerchantAccountIdIsInvalid: '91513',","      MerchantAccountIsSuspended: '91514',","      Options: {","        PayPal: {","          CustomFieldTooLong: '91580'","        },","        SubmitForSettlementIsRequiredForCloning: '91544',","        SubmitForSettlementIsRequiredForPayPalUnilateral: '91582',","        UseBillingForShippingDisabled: '91572',","        VaultIsDisabled: '91525'","      },","      OrderIdIsTooLong: '91501',","      PayPalAuthExpired: '91579',","      PayPalNotEnabled: '91576',","      PayPalVaultRecordMissingData: '91583',","      PaymentInstrumentNotSupportedByMerchantAccount: '91577',","      PaymentInstrumentTypeIsNotAccepted: '915101',","      PaymentMethodConflict: '91515',","      PaymentMethodConflictWithVenmoSDK: '91549',","      PaymentMethodDoesNotBelongToCustomer: '91516',","      PaymentMethodDoesNotBelongToSubscription: '91527',","      PaymentMethodNonceCardTypeIsNotAccepted: '91567',","      PaymentMethodNonceConsumed: '91564',","      PaymentMethodNonceHasNoValidPaymentInstrumentType: '91569',","      PaymentMethodNonceLocked: '91566',","      PaymentMethodNonceUnknown: '91565',","      PaymentMethodTokenCardTypeIsNotAccepted: '91517',","      PaymentMethodTokenIsInvalid: '91518',","      ProcessorAuthorizationCodeCannotBeSet: '91519',","      ProcessorAuthorizationCodeIsInvalid: '81520',","      ProcessorDoesNotSupportAuths: '915104',","      ProcessorDoesNotSupportCredits: '91546',","      ProcessorDoesNotSupportPartialSettlement: '915102',","      ProcessorDoesNotSupportUpdatingOrderId: '915107',","      ProcessorDoesNotSupportUpdatingDescriptor: '915108',","      ProcessorDoesNotSupportUpdatingTransactionDetails: '915130',","      ProcessorDoesNotSupportVoiceAuthorizations: '91545',","      PurchaseOrderNumberIsInvalid: '91548',","      PurchaseOrderNumberIsTooLong: '91537',","      RefundAmountIsTooLarge: '91521',","      ServiceFeeAmountCannotBeNegative: '91554',","      ServiceFeeAmountFormatIsInvalid: '91555',","      ServiceFeeAmountIsTooLarge: '91556',","      ServiceFeeAmountNotAllowedOnMasterMerchantAccount: '91557',","      ServiceFeeIsNotAllowedOnCredits: '91552',","      ServiceFeeNotAcceptedForPayPal: '91578',","      SettlementAmountIsLessThanServiceFeeAmount: '91551',","      SettlementAmountIsTooLarge: '91522',","      ShippingAddressDoesntMatchCustomer: '91581',","      SubMerchantAccountRequiresServiceFeeAmount: '91553',","      SubscriptionDoesNotBelongToCustomer: '91529',","      SubscriptionIdIsInvalid: '91528',","      SubscriptionStatusMustBePastDue: '91531',","      TaxAmountCannotBeNegative: '81534',","      TaxAmountFormatIsInvalid: '81535',","      TaxAmountIsTooLarge: '81536',","      ThreeDSecureAuthenticationFailed: '81571',","      ThreeDSecureTokenIsInvalid: '91568',","      ThreeDSecureTransactionDataDoesntMatchVerify: '91570',","      ThreeDSecureEciFlagIsRequired: '915113',","      ThreeDSecureCavvIsRequired: '915116',","      ThreeDSecureXidIsRequired: '915115',","      ThreeDSecureEciFlagIsInvalid: '915114',","      ThreeDSecureMerchantAccountDoesNotSupportCardType: '915131',","      TransactionSettlementAmountIsLessThanServiceFeeAmount: '91551',","      TypeIsInvalid: '91523',","      TypeIsRequired: '91524',","      UnsupportedVoiceAuthorization: '91539',","      IndustryData: {","        IndustryTypeIsInvalid: '93401',","        Lodging: {","          EmptyData: '93402',","          FolioNumberIsInvalid: '93403',","          CheckInDateIsInvalid: '93404',","          CheckOutDateIsInvalid: '93405',","          CheckOutDateMustFollowCheckInDate: '93406',","          UnknownDataField: '93407'","        },","        TravelCruise: {","          EmptyData: '93408',","          UnknownDataField: '93409',","          TravelPackageIsInvalid: '93410',","          DepartureDateIsInvalid: '93411',","          CheckInDateIsInvalid: '93412',","          CheckOutDateIsInvalid: '93413'","        }","      }","    };","","    this.Verification = {","      Options: {","        AmountCannotBeNegative: '94201',","        AmountFormatIsInvalid: '94202',","        AmountIsTooLarge: '94207',","        AmountNotSupportedByProcessor: '94203',","        MerchantAccountIdIsInvalid: '94204',","        MerchantAccountIsSuspended: '94205',","        MerchantAccountIsForbidden: '94206',","        MerchantAccountCannotBeSubMerchantAccount: '94208'","      }","    };","  }","}","ValidationErrorCodes.initClass();","","module.exports = {ValidationErrorCodes: ValidationErrorCodes};",""],"l":{"5":1,"36":1,"61":1,"71":1,"81":1,"138":1,"159":1,"168":1,"192":1,"288":1,"296":1,"308":1,"326":1,"332":1,"348":1,"354":1,"420":1,"548":1,"562":1,"564":1}},"/home/travis/build/npmtest/node-npmtest-braintree/node_modules/braintree/lib/braintree/test/credit_card_defaults.js":{"path":"/home/travis/build/npmtest/node-npmtest-braintree/node_modules/braintree/lib/braintree/test/credit_card_defaults.js","s":{"1":1,"2":1},"b":{},"f":{},"fnMap":{},"statementMap":{"1":{"start":{"line":3,"column":0},"end":{"line":6,"column":2}},"2":{"start":{"line":8,"column":0},"end":{"line":8,"column":58}}},"branchMap":{},"code":["'use strict';","","let CreditCardDefaults = {","  CountryOfIssuance: 'USA',","  IssuingBank: 'NETWORK ONLY'","};","","module.exports = {CreditCardDefaults: CreditCardDefaults};",""],"l":{"3":1,"8":1}},"/home/travis/build/npmtest/node-npmtest-braintree/node_modules/braintree/lib/braintree/test/credit_card_numbers.js":{"path":"/home/travis/build/npmtest/node-npmtest-braintree/node_modules/braintree/lib/braintree/test/credit_card_numbers.js","s":{"1":1,"2":1},"b":{},"f":{},"fnMap":{},"statementMap":{"1":{"start":{"line":3,"column":0},"end":{"line":23,"column":2}},"2":{"start":{"line":25,"column":0},"end":{"line":25,"column":56}}},"branchMap":{},"code":["'use strict';","","let CreditCardNumbers = {","  CardTypeIndicators: {","    Prepaid: '4111111111111210',","    Commercial: '4111111111131010',","    Payroll: '4111111114101010',","    Healthcare: '4111111510101010',","    DurbinRegulated: '4111161010101010',","    Debit: '4117101010101010',","    Unknown: '4111111111112101',","    No: '4111111111310101',","    IssuingBank: '4111111141010101',","    CountryOfIssuance: '4111111111121102',","    Fraud: '4000111111111511'","  },","","  AmexPayWithPoints: {","    Success: '371260714673002',","    IneligibleCard: '378267515471109',","    InsufficientPoints: '371544868764018'","  }","};","","module.exports = {CreditCardNumbers: CreditCardNumbers};",""],"l":{"3":1,"25":1}},"/home/travis/build/npmtest/node-npmtest-braintree/node_modules/braintree/lib/braintree/test/merchant_account.js":{"path":"/home/travis/build/npmtest/node-npmtest-braintree/node_modules/braintree/lib/braintree/test/merchant_account.js","s":{"1":1,"2":1},"b":{},"f":{},"fnMap":{},"statementMap":{"1":{"start":{"line":3,"column":0},"end":{"line":9,"column":2}},"2":{"start":{"line":11,"column":0},"end":{"line":11,"column":60}}},"branchMap":{},"code":["'use strict';","","let MerchantAccountTest = {","  Approve: 'approve_me',","  InsufficientFundsContactUs: 'insufficient_funds__contact',","  AccountNotAuthorizedContactUs: 'account_not_authorized__contact',","  BankRejectedUpdateFundingInformation: 'bank_rejected__update',","  BankRejectedNone: 'bank_rejected__none'","};","","module.exports = {MerchantAccountTest: MerchantAccountTest};",""],"l":{"3":1,"11":1}},"/home/travis/build/npmtest/node-npmtest-braintree/node_modules/braintree/lib/braintree/test/nonces.js":{"path":"/home/travis/build/npmtest/node-npmtest-braintree/node_modules/braintree/lib/braintree/test/nonces.js","s":{"1":1,"2":1},"b":{},"f":{},"fnMap":{},"statementMap":{"1":{"start":{"line":3,"column":0},"end":{"line":49,"column":2}},"2":{"start":{"line":51,"column":0},"end":{"line":51,"column":34}}},"branchMap":{},"code":["'use strict';","","let Nonces = {","  Transactable: 'fake-valid-nonce',","  Consumed: 'fake-consumed-nonce',","  PayPalOneTimePayment: 'fake-paypal-one-time-nonce',","  PayPalFuturePayment: 'fake-paypal-future-nonce',","  PayPalBillingAgreement: 'fake-paypal-billing-agreement-nonce',","  ApplePayVisa: 'fake-apple-pay-visa-nonce',","  ApplePayMasterCard: 'fake-apple-pay-mastercard-nonce',","  ApplePayAmEx: 'fake-apple-pay-amex-nonce',","  AbstractTransactable: 'fake-abstract-transactable-nonce',","  Europe: 'fake-europe-bank-account-nonce',","  Coinbase: 'fake-coinbase-nonce',","  AndroidPay: 'fake-android-pay-nonce',","  AndroidPayDiscover: 'fake-android-pay-discover-nonce',","  AndroidPayVisa: 'fake-android-pay-visa-nonce',","  AndroidPayMasterCard: 'fake-android-pay-mastercard-nonce',","  AndroidPayAmEx: 'fake-android-pay-amex-nonce',","  AmexExpressCheckout: 'fake-amex-express-checkout-nonce',","  TransactableVisa: 'fake-valid-visa-nonce',","  TransactableAmEx: 'fake-valid-amex-nonce',","  TransactableMasterCard: 'fake-valid-mastercard-nonce',","  TransactableDiscover: 'fake-valid-discover-nonce',","  TransactableJCB: 'fake-valid-jcb-nonce',","  TransactableMaestro: 'fake-valid-maestro-nonce',","  TransactableDinersClub: 'fake-valid-dinersclub-nonce',","  TransactablePrepaid: 'fake-valid-prepaid-nonce',","  TransactableCommercial: 'fake-valid-commercial-nonce',","  TransactableDurbinRegulated: 'fake-valid-durbin-regulated-nonce',","  TransactableHealthcare: 'fake-valid-healthcare-nonce',","  TransactableDebit: 'fake-valid-debit-nonce',","  TransactablePayroll: 'fake-valid-payroll-nonce',","  TransactableNoIndicators: 'fake-valid-no-indicators-nonce',","  TransactableUnknownIndicators: 'fake-valid-unknown-indicators-nonce',","  TransactableCountryOfIssuanceUSA: 'fake-valid-country-of-issuance-usa-nonce',","  TransactableCountryOfIssuanceCAD: 'fake-valid-country-of-issuance-cad-nonce',","  TransactableIssuingBankNetworkOnly: 'fake-valid-issuing-bank-network-only-nonce',","  ProcessorDeclinedVisa: 'fake-processor-declined-visa-nonce',","  ProcessorDeclinedMasterCard: 'fake-processor-declined-mastercard-nonce',","  ProcessorDeclinedAmEx: 'fake-processor-declined-amex-nonce',","  ProcessorDeclinedDiscover: 'fake-processor-declined-discover-nonce',","  ProcessorFailureJCB: 'fake-processor-failure-jcb-nonce',","  LuhnInvalid: 'fake-luhn-invalid-nonce',","  PayPalFuturePaymentRefreshToken: 'fake-paypal-future-refresh-token-nonce',","  SEPA: 'fake-sepa-bank-account-nonce',","  GatewayRejectedFraud: 'fake-gateway-rejected-fraud-nonce',","  VenmoAccount: 'fake-venmo-account-nonce'","};","","module.exports = {Nonces: Nonces};",""],"l":{"3":1,"51":1}},"/home/travis/build/npmtest/node-npmtest-braintree/node_modules/braintree/lib/braintree/test/transaction_amounts.js":{"path":"/home/travis/build/npmtest/node-npmtest-braintree/node_modules/braintree/lib/braintree/test/transaction_amounts.js","s":{"1":1,"2":1},"b":{},"f":{},"fnMap":{},"statementMap":{"1":{"start":{"line":3,"column":0},"end":{"line":7,"column":2}},"2":{"start":{"line":9,"column":0},"end":{"line":9,"column":58}}},"branchMap":{},"code":["'use strict';","","let TransactionAmounts = {","  Authorize: '1000.00',","  Decline: '2000.00',","  Fail: '3000.00'","};","","module.exports = {TransactionAmounts: TransactionAmounts};",""],"l":{"3":1,"9":1}},"/home/travis/build/npmtest/node-npmtest-braintree/node_modules/braintree/lib/braintree/coinbase_account_gateway.js":{"path":"/home/travis/build/npmtest/node-npmtest-braintree/node_modules/braintree/lib/braintree/coinbase_account_gateway.js","s":{"1":1,"2":1,"3":1,"4":0,"5":0,"6":0,"7":0,"8":0,"9":0,"10":0,"11":0,"12":0,"13":0,"14":0,"15":1},"b":{"1":[0,0],"2":[0,0]},"f":{"1":0,"2":0,"3":0,"4":0,"5":0},"fnMap":{"1":{"name":"(anonymous_1)","line":8,"loc":{"start":{"line":8,"column":13},"end":{"line":8,"column":23}}},"2":{"name":"(anonymous_2)","line":14,"loc":{"start":{"line":14,"column":6},"end":{"line":14,"column":24}}},"3":{"name":"(anonymous_3)","line":19,"loc":{"start":{"line":19,"column":112},"end":{"line":19,"column":137}}},"4":{"name":"(anonymous_4)","line":27,"loc":{"start":{"line":27,"column":8},"end":{"line":27,"column":26}}},"5":{"name":"(anonymous_5)","line":31,"loc":{"start":{"line":31,"column":17},"end":{"line":31,"column":28}}}},"statementMap":{"1":{"start":{"line":3,"column":0},"end":{"line":3,"column":43}},"2":{"start":{"line":4,"column":0},"end":{"line":4,"column":68}},"3":{"start":{"line":5,"column":0},"end":{"line":5,"column":41}},"4":{"start":{"line":9,"column":4},"end":{"line":9,"column":12}},"5":{"start":{"line":10,"column":4},"end":{"line":10,"column":27}},"6":{"start":{"line":11,"column":4},"end":{"line":11,"column":38}},"7":{"start":{"line":15,"column":4},"end":{"line":17,"column":5}},"8":{"start":{"line":16,"column":6},"end":{"line":16,"column":67}},"9":{"start":{"line":19,"column":4},"end":{"line":24,"column":7}},"10":{"start":{"line":20,"column":6},"end":{"line":22,"column":7}},"11":{"start":{"line":21,"column":8},"end":{"line":21,"column":35}},"12":{"start":{"line":23,"column":6},"end":{"line":23,"column":75}},"13":{"start":{"line":28,"column":4},"end":{"line":28,"column":125}},"14":{"start":{"line":32,"column":4},"end":{"line":32,"column":84}},"15":{"start":{"line":36,"column":0},"end":{"line":36,"column":66}}},"branchMap":{"1":{"line":15,"type":"if","locations":[{"start":{"line":15,"column":4},"end":{"line":15,"column":4}},{"start":{"line":15,"column":4},"end":{"line":15,"column":4}}]},"2":{"line":20,"type":"if","locations":[{"start":{"line":20,"column":6},"end":{"line":20,"column":6}},{"start":{"line":20,"column":6},"end":{"line":20,"column":6}}]}},"code":["'use strict';","","let Gateway = require('./gateway').Gateway;","let CoinbaseAccount = require('./coinbase_account').CoinbaseAccount;","let exceptions = require('./exceptions');","","class CoinbaseAccountGateway extends Gateway {","  constructor(gateway) {","    super();","    this.gateway = gateway;","    this.config = this.gateway.config;","  }","","  find(token, callback) {","    if (token.trim() === '') {","      return callback(exceptions.NotFoundError('Not Found'), null); // eslint-disable-line new-cap","    }","","    return this.gateway.http.get(`${this.config.baseMerchantPath()}/payment_methods/coinbase_account/${token}`, function (err, response) {","      if (err) {","        return callback(err, null);","      }","      return callback(null, new CoinbaseAccount(response.coinbaseAccount));","    });","  }","","  delete(token, callback) {","    return this.gateway.http.delete(`${this.config.baseMerchantPath()}/payment_methods/coinbase_account/${token}`, callback);","  }","","  responseHandler(callback) {","    return this.createResponseHandler('coinbaseAccount', CoinbaseAccount, callback);","  }","}","","module.exports = {CoinbaseAccountGateway: CoinbaseAccountGateway};",""],"l":{"3":1,"4":1,"5":1,"9":0,"10":0,"11":0,"15":0,"16":0,"19":0,"20":0,"21":0,"23":0,"28":0,"32":0,"36":1}}}